Info 0    [14:01:20.501] Starting TS Server
Info 1    [14:01:20.501] Version: 4.3.5
Info 2    [14:01:20.501] Arguments: /home/fqye/.nvm/versions/node/v15.11.0/bin/node /home/fqye/.emacs.d/.cache/lsp/npm/typescript/bin/tsserver --logFile /home/fqye/projects/zhituji/squoosh/.log/tsserver.log --logVerbosity info --cancellationPipeName /tmp/d8118e4f558e64a464dffcd595bc1ffe/tscancellation*
Info 3    [14:01:20.501] Platform: linux NodeVersion: 15 CaseSensitive: true
Info 4    [14:01:20.501] ServerMode: undefined syntaxOnly: false hasUnknownServerMode: undefined
Info 5    [14:01:20.514] Search path: /home/fqye/projects/zhituji/squoosh/src/client/lazy-app/sw-bridge
Info 6    [14:01:20.515] For info: /home/fqye/projects/zhituji/squoosh/src/client/lazy-app/sw-bridge/index.ts :: Config file name: /home/fqye/projects/zhituji/squoosh/tsconfig.json
Info 7    [14:01:20.515] Creating configuration project /home/fqye/projects/zhituji/squoosh/tsconfig.json
Info 8    [14:01:20.523] Config: /home/fqye/projects/zhituji/squoosh/tsconfig.json : {
 "rootNames": [],
 "options": {
  "target": 6,
  "downlevelIteration": true,
  "module": 99,
  "jsx": 2,
  "jsxFactory": "h",
  "strict": true,
  "moduleResolution": 2,
  "composite": true,
  "declarationMap": true,
  "baseUrl": "/home/fqye/projects/zhituji/squoosh",
  "rootDir": "/home/fqye/projects/zhituji/squoosh",
  "outDir": "/home/fqye/projects/zhituji/squoosh/.tmp/ts",
  "allowSyntheticDefaultImports": true,
  "paths": {
   "static-build/*": [
    "src/static-build/*"
   ],
   "client/*": [
    "src/client/*"
   ],
   "shared/*": [
    "src/shared/*"
   ],
   "features/*": [
    "src/features/*"
   ]
  },
  "pathsBasePath": "/home/fqye/projects/zhituji/squoosh",
  "configFilePath": "/home/fqye/projects/zhituji/squoosh/tsconfig.json"
 },
 "projectReferences": [
  {
   "path": "/home/fqye/projects/zhituji/squoosh/client-tsconfig.json",
   "originalPath": "./client-tsconfig.json"
  },
  {
   "path": "/home/fqye/projects/zhituji/squoosh/worker-tsconfig.json",
   "originalPath": "./worker-tsconfig.json"
  },
  {
   "path": "/home/fqye/projects/zhituji/squoosh/static-build-tsconfig.json",
   "originalPath": "./static-build-tsconfig.json"
  }
 ]
}
Info 9    [14:01:20.540] Starting updateGraphWorker: Project: /home/fqye/projects/zhituji/squoosh/tsconfig.json
Info 10   [14:01:20.581] Config: /home/fqye/projects/zhituji/squoosh/client-tsconfig.json : {
 "rootNames": [
  "/home/fqye/projects/zhituji/squoosh/src/features/encoders/avif/client/index.tsx",
  "/home/fqye/projects/zhituji/squoosh/src/features/encoders/browserGIF/client/index.ts",
  "/home/fqye/projects/zhituji/squoosh/src/features/encoders/browserGIF/client/missing-types.d.ts",
  "/home/fqye/projects/zhituji/squoosh/src/features/encoders/browserJPEG/client/index.ts",
  "/home/fqye/projects/zhituji/squoosh/src/features/encoders/browserJPEG/client/missing-types.d.ts",
  "/home/fqye/projects/zhituji/squoosh/src/features/encoders/browserPNG/client/index.ts",
  "/home/fqye/projects/zhituji/squoosh/src/features/encoders/browserPNG/client/missing-types.d.ts",
  "/home/fqye/projects/zhituji/squoosh/src/features/encoders/jxl/client/index.tsx",
  "/home/fqye/projects/zhituji/squoosh/src/features/encoders/mozJPEG/client/index.tsx",
  "/home/fqye/projects/zhituji/squoosh/src/features/encoders/mozJPEG/client/missing-types.d.ts",
  "/home/fqye/projects/zhituji/squoosh/src/features/encoders/oxiPNG/client/index.tsx",
  "/home/fqye/projects/zhituji/squoosh/src/features/encoders/webP/client/index.tsx",
  "/home/fqye/projects/zhituji/squoosh/src/features/encoders/wp2/client/index.tsx",
  "/home/fqye/projects/zhituji/squoosh/src/features/processors/quantize/client/index.tsx",
  "/home/fqye/projects/zhituji/squoosh/src/features/processors/resize/client/index.tsx",
  "/home/fqye/projects/zhituji/squoosh/src/features/processors/resize/client/missing-types.d.ts",
  "/home/fqye/projects/zhituji/squoosh/src/features/encoders/avif/shared/meta.ts",
  "/home/fqye/projects/zhituji/squoosh/src/features/encoders/avif/shared/missing-types.d.ts",
  "/home/fqye/projects/zhituji/squoosh/src/features/encoders/browserGIF/shared/meta.ts",
  "/home/fqye/projects/zhituji/squoosh/src/features/encoders/browserGIF/shared/missing-types.d.ts",
  "/home/fqye/projects/zhituji/squoosh/src/features/encoders/browserJPEG/shared/meta.ts",
  "/home/fqye/projects/zhituji/squoosh/src/features/encoders/browserJPEG/shared/missing-types.d.ts",
  "/home/fqye/projects/zhituji/squoosh/src/features/encoders/browserPNG/shared/meta.ts",
  "/home/fqye/projects/zhituji/squoosh/src/features/encoders/browserPNG/shared/missing-types.d.ts",
  "/home/fqye/projects/zhituji/squoosh/src/features/encoders/jxl/shared/meta.ts",
  "/home/fqye/projects/zhituji/squoosh/src/features/encoders/mozJPEG/shared/meta.ts",
  "/home/fqye/projects/zhituji/squoosh/src/features/encoders/mozJPEG/shared/missing-types.d.ts",
  "/home/fqye/projects/zhituji/squoosh/src/features/encoders/oxiPNG/shared/meta.ts",
  "/home/fqye/projects/zhituji/squoosh/src/features/encoders/webP/shared/meta.ts",
  "/home/fqye/projects/zhituji/squoosh/src/features/encoders/wp2/shared/meta.ts",
  "/home/fqye/projects/zhituji/squoosh/src/features/preprocessors/rotate/shared/meta.ts",
  "/home/fqye/projects/zhituji/squoosh/src/features/preprocessors/rotate/shared/missing-types.d.ts",
  "/home/fqye/projects/zhituji/squoosh/src/features/processors/quantize/shared/meta.ts",
  "/home/fqye/projects/zhituji/squoosh/src/features/processors/quantize/shared/missing-types.d.ts",
  "/home/fqye/projects/zhituji/squoosh/src/features/processors/resize/shared/meta.ts",
  "/home/fqye/projects/zhituji/squoosh/src/features/processors/resize/shared/missing-types.d.ts",
  "/home/fqye/projects/zhituji/squoosh/src/features/processors/resize/shared/util.ts",
  "/home/fqye/projects/zhituji/squoosh/src/features/client-utils/index.tsx",
  "/home/fqye/projects/zhituji/squoosh/src/shared/missing-preact-types.d.ts",
  "/home/fqye/projects/zhituji/squoosh/src/shared/missing-types.d.ts",
  "/home/fqye/projects/zhituji/squoosh/src/shared/custom-els/loading-spinner/index.ts",
  "/home/fqye/projects/zhituji/squoosh/src/shared/custom-els/loading-spinner/missing-types.d.ts",
  "/home/fqye/projects/zhituji/squoosh/src/shared/custom-els/loading-spinner/styles.css.d.ts",
  "/home/fqye/projects/zhituji/squoosh/src/shared/custom-els/snack-bar/index.ts",
  "/home/fqye/projects/zhituji/squoosh/src/shared/custom-els/snack-bar/missing-types.d.ts",
  "/home/fqye/projects/zhituji/squoosh/src/shared/custom-els/snack-bar/styles.css.d.ts",
  "/home/fqye/projects/zhituji/squoosh/src/shared/prerendered-app/colors.css.d.ts",
  "/home/fqye/projects/zhituji/squoosh/src/shared/prerendered-app/util.css.d.ts",
  "/home/fqye/projects/zhituji/squoosh/src/shared/prerendered-app/util.ts",
  "/home/fqye/projects/zhituji/squoosh/src/shared/prerendered-app/Intro/index.tsx",
  "/home/fqye/projects/zhituji/squoosh/src/shared/prerendered-app/Intro/missing-types.d.ts",
  "/home/fqye/projects/zhituji/squoosh/src/shared/prerendered-app/Intro/style.css.d.ts",
  "/home/fqye/projects/zhituji/squoosh/src/shared/prerendered-app/Intro/SlideOnScroll/index.tsx",
  "/home/fqye/projects/zhituji/squoosh/src/shared/prerendered-app/Intro/blob-anim/index.ts",
  "/home/fqye/projects/zhituji/squoosh/src/shared/prerendered-app/Intro/blob-anim/meta.ts",
  "/home/fqye/projects/zhituji/squoosh/src/client/missing-types.d.ts",
  "/home/fqye/projects/zhituji/squoosh/src/client/initial-app/index.tsx",
  "/home/fqye/projects/zhituji/squoosh/src/client/initial-app/App/index.tsx",
  "/home/fqye/projects/zhituji/squoosh/src/client/initial-app/App/style.css.d.ts",
  "/home/fqye/projects/zhituji/squoosh/src/client/initial-app/custom-els/missing-types.d.ts",
  "/home/fqye/projects/zhituji/squoosh/src/client/lazy-app/Compress/index.tsx",
  "/home/fqye/projects/zhituji/squoosh/src/client/lazy-app/Compress/result-cache.ts",
  "/home/fqye/projects/zhituji/squoosh/src/client/lazy-app/Compress/style.css.d.ts",
  "/home/fqye/projects/zhituji/squoosh/src/client/lazy-app/Compress/Options/index.tsx",
  "/home/fqye/projects/zhituji/squoosh/src/client/lazy-app/Compress/Options/style.css.d.ts",
  "/home/fqye/projects/zhituji/squoosh/src/client/lazy-app/Compress/Options/Checkbox/index.tsx",
  "/home/fqye/projects/zhituji/squoosh/src/client/lazy-app/Compress/Options/Checkbox/style.css.d.ts",
  "/home/fqye/projects/zhituji/squoosh/src/client/lazy-app/Compress/Options/Expander/index.tsx",
  "/home/fqye/projects/zhituji/squoosh/src/client/lazy-app/Compress/Options/Expander/style.css.d.ts",
  "/home/fqye/projects/zhituji/squoosh/src/client/lazy-app/Compress/Options/Range/index.tsx",
  "/home/fqye/projects/zhituji/squoosh/src/client/lazy-app/Compress/Options/Range/style.css.d.ts",
  "/home/fqye/projects/zhituji/squoosh/src/client/lazy-app/Compress/Options/Range/custom-els/RangeInput/index.ts",
  "/home/fqye/projects/zhituji/squoosh/src/client/lazy-app/Compress/Options/Range/custom-els/RangeInput/missing-types.d.ts",
  "/home/fqye/projects/zhituji/squoosh/src/client/lazy-app/Compress/Options/Range/custom-els/RangeInput/style.css.d.ts",
  "/home/fqye/projects/zhituji/squoosh/src/client/lazy-app/Compress/Options/Revealer/index.tsx",
  "/home/fqye/projects/zhituji/squoosh/src/client/lazy-app/Compress/Options/Revealer/style.css.d.ts",
  "/home/fqye/projects/zhituji/squoosh/src/client/lazy-app/Compress/Options/Select/index.tsx",
  "/home/fqye/projects/zhituji/squoosh/src/client/lazy-app/Compress/Options/Select/style.css.d.ts",
  "/home/fqye/projects/zhituji/squoosh/src/client/lazy-app/Compress/Options/Toggle/index.tsx",
  "/home/fqye/projects/zhituji/squoosh/src/client/lazy-app/Compress/Options/Toggle/style.css.d.ts",
  "/home/fqye/projects/zhituji/squoosh/src/client/lazy-app/Compress/Output/index.tsx",
  "/home/fqye/projects/zhituji/squoosh/src/client/lazy-app/Compress/Output/style.css.d.ts",
  "/home/fqye/projects/zhituji/squoosh/src/client/lazy-app/Compress/Output/custom-els/PinchZoom/index.ts",
  "/home/fqye/projects/zhituji/squoosh/src/client/lazy-app/Compress/Output/custom-els/PinchZoom/missing-types.d.ts",
  "/home/fqye/projects/zhituji/squoosh/src/client/lazy-app/Compress/Output/custom-els/PinchZoom/styles.css.d.ts",
  "/home/fqye/projects/zhituji/squoosh/src/client/lazy-app/Compress/Output/custom-els/TwoUp/index.ts",
  "/home/fqye/projects/zhituji/squoosh/src/client/lazy-app/Compress/Output/custom-els/TwoUp/missing-types.d.ts",
  "/home/fqye/projects/zhituji/squoosh/src/client/lazy-app/Compress/Output/custom-els/TwoUp/styles.css.d.ts",
  "/home/fqye/projects/zhituji/squoosh/src/client/lazy-app/Compress/Results/index.tsx",
  "/home/fqye/projects/zhituji/squoosh/src/client/lazy-app/Compress/Results/pretty-bytes.ts",
  "/home/fqye/projects/zhituji/squoosh/src/client/lazy-app/Compress/Results/style.css.d.ts",
  "/home/fqye/projects/zhituji/squoosh/src/client/lazy-app/Compress/custom-els/MultiPanel/index.ts",
  "/home/fqye/projects/zhituji/squoosh/src/client/lazy-app/Compress/custom-els/MultiPanel/missing-types.d.ts",
  "/home/fqye/projects/zhituji/squoosh/src/client/lazy-app/Compress/custom-els/MultiPanel/styles.css.d.ts",
  "/home/fqye/projects/zhituji/squoosh/src/client/lazy-app/feature-meta/index.ts",
  "/home/fqye/projects/zhituji/squoosh/src/client/lazy-app/icons/index.tsx",
  "/home/fqye/projects/zhituji/squoosh/src/client/lazy-app/sw-bridge/index.ts",
  "/home/fqye/projects/zhituji/squoosh/src/client/lazy-app/util/canvas.ts",
  "/home/fqye/projects/zhituji/squoosh/src/client/lazy-app/util/clean-modify.ts",
  "/home/fqye/projects/zhituji/squoosh/src/client/lazy-app/util/cli.ts",
  "/home/fqye/projects/zhituji/squoosh/src/client/lazy-app/util/index.ts",
  "/home/fqye/projects/zhituji/squoosh/src/client/lazy-app/util/web-codecs/index.ts",
  "/home/fqye/projects/zhituji/squoosh/src/client/lazy-app/util/web-codecs/missing-types.d.ts",
  "/home/fqye/projects/zhituji/squoosh/src/client/lazy-app/worker-bridge/index.ts",
  "/home/fqye/projects/zhituji/squoosh/src/client/lazy-app/worker-bridge/meta.ts",
  "/home/fqye/projects/zhituji/squoosh/src/features/decoders/avif/worker/avifDecode.ts",
  "/home/fqye/projects/zhituji/squoosh/src/features/decoders/jxl/worker/jxlDecode.ts",
  "/home/fqye/projects/zhituji/squoosh/src/features/decoders/webp/worker/webpDecode.ts",
  "/home/fqye/projects/zhituji/squoosh/src/features/decoders/wp2/worker/wp2Decode.ts",
  "/home/fqye/projects/zhituji/squoosh/src/features/encoders/avif/worker/avifEncode.ts",
  "/home/fqye/projects/zhituji/squoosh/src/features/encoders/avif/worker/missing-types.d.ts",
  "/home/fqye/projects/zhituji/squoosh/src/features/encoders/jxl/worker/jxlEncode.ts",
  "/home/fqye/projects/zhituji/squoosh/src/features/encoders/mozJPEG/worker/missing-types.d.ts",
  "/home/fqye/projects/zhituji/squoosh/src/features/encoders/mozJPEG/worker/mozjpegEncode.ts",
  "/home/fqye/projects/zhituji/squoosh/src/features/encoders/oxiPNG/worker/oxipngEncode.ts",
  "/home/fqye/projects/zhituji/squoosh/src/features/encoders/webP/worker/webpEncode.ts",
  "/home/fqye/projects/zhituji/squoosh/src/features/encoders/wp2/worker/wp2Encode.ts",
  "/home/fqye/projects/zhituji/squoosh/src/features/preprocessors/rotate/worker/missing-types.d.ts",
  "/home/fqye/projects/zhituji/squoosh/src/features/preprocessors/rotate/worker/rotate.ts",
  "/home/fqye/projects/zhituji/squoosh/src/features/processors/quantize/worker/missing-types.d.ts",
  "/home/fqye/projects/zhituji/squoosh/src/features/processors/quantize/worker/quantize.ts",
  "/home/fqye/projects/zhituji/squoosh/src/features/processors/resize/worker/missing-types.d.ts",
  "/home/fqye/projects/zhituji/squoosh/src/features/processors/resize/worker/resize.ts",
  "/home/fqye/projects/zhituji/squoosh/src/features-worker/index.ts",
  "/home/fqye/projects/zhituji/squoosh/src/features-worker/missing-types.d.ts",
  "/home/fqye/projects/zhituji/squoosh/src/features-worker/util.ts",
  "/home/fqye/projects/zhituji/squoosh/src/features/worker-utils/index.ts"
 ],
 "options": {
  "target": 6,
  "downlevelIteration": true,
  "module": 99,
  "jsx": 2,
  "jsxFactory": "h",
  "strict": true,
  "moduleResolution": 2,
  "composite": true,
  "declarationMap": true,
  "baseUrl": "/home/fqye/projects/zhituji/squoosh",
  "rootDir": "/home/fqye/projects/zhituji/squoosh",
  "outDir": "/home/fqye/projects/zhituji/squoosh/.tmp/ts",
  "allowSyntheticDefaultImports": true,
  "paths": {
   "static-build/*": [
    "src/static-build/*"
   ],
   "client/*": [
    "src/client/*"
   ],
   "shared/*": [
    "src/shared/*"
   ],
   "features/*": [
    "src/features/*"
   ]
  },
  "pathsBasePath": "/home/fqye/projects/zhituji/squoosh",
  "lib": [
   "lib.esnext.d.ts",
   "lib.dom.d.ts",
   "lib.dom.iterable.d.ts"
  ],
  "types": [],
  "configFilePath": "/home/fqye/projects/zhituji/squoosh/client-tsconfig.json"
 }
}
Info 11   [14:01:20.599] Config: /home/fqye/projects/zhituji/squoosh/worker-tsconfig.json : {
 "rootNames": [
  "/home/fqye/projects/zhituji/squoosh/src/features/decoders/avif/worker/avifDecode.ts",
  "/home/fqye/projects/zhituji/squoosh/src/features/decoders/jxl/worker/jxlDecode.ts",
  "/home/fqye/projects/zhituji/squoosh/src/features/decoders/webp/worker/webpDecode.ts",
  "/home/fqye/projects/zhituji/squoosh/src/features/decoders/wp2/worker/wp2Decode.ts",
  "/home/fqye/projects/zhituji/squoosh/src/features/encoders/avif/worker/avifEncode.ts",
  "/home/fqye/projects/zhituji/squoosh/src/features/encoders/avif/worker/missing-types.d.ts",
  "/home/fqye/projects/zhituji/squoosh/src/features/encoders/jxl/worker/jxlEncode.ts",
  "/home/fqye/projects/zhituji/squoosh/src/features/encoders/mozJPEG/worker/missing-types.d.ts",
  "/home/fqye/projects/zhituji/squoosh/src/features/encoders/mozJPEG/worker/mozjpegEncode.ts",
  "/home/fqye/projects/zhituji/squoosh/src/features/encoders/oxiPNG/worker/oxipngEncode.ts",
  "/home/fqye/projects/zhituji/squoosh/src/features/encoders/webP/worker/webpEncode.ts",
  "/home/fqye/projects/zhituji/squoosh/src/features/encoders/wp2/worker/wp2Encode.ts",
  "/home/fqye/projects/zhituji/squoosh/src/features/preprocessors/rotate/worker/missing-types.d.ts",
  "/home/fqye/projects/zhituji/squoosh/src/features/preprocessors/rotate/worker/rotate.ts",
  "/home/fqye/projects/zhituji/squoosh/src/features/processors/quantize/worker/missing-types.d.ts",
  "/home/fqye/projects/zhituji/squoosh/src/features/processors/quantize/worker/quantize.ts",
  "/home/fqye/projects/zhituji/squoosh/src/features/processors/resize/worker/missing-types.d.ts",
  "/home/fqye/projects/zhituji/squoosh/src/features/processors/resize/worker/resize.ts",
  "/home/fqye/projects/zhituji/squoosh/src/features/encoders/avif/shared/meta.ts",
  "/home/fqye/projects/zhituji/squoosh/src/features/encoders/avif/shared/missing-types.d.ts",
  "/home/fqye/projects/zhituji/squoosh/src/features/encoders/browserGIF/shared/meta.ts",
  "/home/fqye/projects/zhituji/squoosh/src/features/encoders/browserGIF/shared/missing-types.d.ts",
  "/home/fqye/projects/zhituji/squoosh/src/features/encoders/browserJPEG/shared/meta.ts",
  "/home/fqye/projects/zhituji/squoosh/src/features/encoders/browserJPEG/shared/missing-types.d.ts",
  "/home/fqye/projects/zhituji/squoosh/src/features/encoders/browserPNG/shared/meta.ts",
  "/home/fqye/projects/zhituji/squoosh/src/features/encoders/browserPNG/shared/missing-types.d.ts",
  "/home/fqye/projects/zhituji/squoosh/src/features/encoders/jxl/shared/meta.ts",
  "/home/fqye/projects/zhituji/squoosh/src/features/encoders/mozJPEG/shared/meta.ts",
  "/home/fqye/projects/zhituji/squoosh/src/features/encoders/mozJPEG/shared/missing-types.d.ts",
  "/home/fqye/projects/zhituji/squoosh/src/features/encoders/oxiPNG/shared/meta.ts",
  "/home/fqye/projects/zhituji/squoosh/src/features/encoders/webP/shared/meta.ts",
  "/home/fqye/projects/zhituji/squoosh/src/features/encoders/wp2/shared/meta.ts",
  "/home/fqye/projects/zhituji/squoosh/src/features/preprocessors/rotate/shared/meta.ts",
  "/home/fqye/projects/zhituji/squoosh/src/features/preprocessors/rotate/shared/missing-types.d.ts",
  "/home/fqye/projects/zhituji/squoosh/src/features/processors/quantize/shared/meta.ts",
  "/home/fqye/projects/zhituji/squoosh/src/features/processors/quantize/shared/missing-types.d.ts",
  "/home/fqye/projects/zhituji/squoosh/src/features/processors/resize/shared/meta.ts",
  "/home/fqye/projects/zhituji/squoosh/src/features/processors/resize/shared/missing-types.d.ts",
  "/home/fqye/projects/zhituji/squoosh/src/features/processors/resize/shared/util.ts",
  "/home/fqye/projects/zhituji/squoosh/src/features/worker-utils/index.ts",
  "/home/fqye/projects/zhituji/squoosh/src/features-worker/index.ts",
  "/home/fqye/projects/zhituji/squoosh/src/features-worker/missing-types.d.ts",
  "/home/fqye/projects/zhituji/squoosh/src/features-worker/util.ts",
  "/home/fqye/projects/zhituji/squoosh/src/sw/index.ts",
  "/home/fqye/projects/zhituji/squoosh/src/sw/missing-types.d.ts",
  "/home/fqye/projects/zhituji/squoosh/src/sw/to-cache.ts",
  "/home/fqye/projects/zhituji/squoosh/src/sw/util.ts"
 ],
 "options": {
  "target": 6,
  "downlevelIteration": true,
  "module": 99,
  "jsx": 2,
  "jsxFactory": "h",
  "strict": true,
  "moduleResolution": 2,
  "composite": true,
  "declarationMap": true,
  "baseUrl": "/home/fqye/projects/zhituji/squoosh",
  "rootDir": "/home/fqye/projects/zhituji/squoosh",
  "outDir": "/home/fqye/projects/zhituji/squoosh/.tmp/ts",
  "allowSyntheticDefaultImports": true,
  "paths": {
   "static-build/*": [
    "src/static-build/*"
   ],
   "client/*": [
    "src/client/*"
   ],
   "shared/*": [
    "src/shared/*"
   ],
   "features/*": [
    "src/features/*"
   ]
  },
  "pathsBasePath": "/home/fqye/projects/zhituji/squoosh",
  "lib": [
   "lib.webworker.d.ts",
   "lib.esnext.d.ts"
  ],
  "configFilePath": "/home/fqye/projects/zhituji/squoosh/worker-tsconfig.json"
 }
}
Info 12   [14:01:20.604] Config: /home/fqye/projects/zhituji/squoosh/static-build-tsconfig.json : {
 "rootNames": [
  "/home/fqye/projects/zhituji/squoosh/src/shared/missing-preact-types.d.ts",
  "/home/fqye/projects/zhituji/squoosh/src/shared/missing-types.d.ts",
  "/home/fqye/projects/zhituji/squoosh/src/shared/custom-els/loading-spinner/index.ts",
  "/home/fqye/projects/zhituji/squoosh/src/shared/custom-els/loading-spinner/missing-types.d.ts",
  "/home/fqye/projects/zhituji/squoosh/src/shared/custom-els/loading-spinner/styles.css.d.ts",
  "/home/fqye/projects/zhituji/squoosh/src/shared/custom-els/snack-bar/index.ts",
  "/home/fqye/projects/zhituji/squoosh/src/shared/custom-els/snack-bar/missing-types.d.ts",
  "/home/fqye/projects/zhituji/squoosh/src/shared/custom-els/snack-bar/styles.css.d.ts",
  "/home/fqye/projects/zhituji/squoosh/src/shared/prerendered-app/colors.css.d.ts",
  "/home/fqye/projects/zhituji/squoosh/src/shared/prerendered-app/util.css.d.ts",
  "/home/fqye/projects/zhituji/squoosh/src/shared/prerendered-app/util.ts",
  "/home/fqye/projects/zhituji/squoosh/src/shared/prerendered-app/Intro/index.tsx",
  "/home/fqye/projects/zhituji/squoosh/src/shared/prerendered-app/Intro/missing-types.d.ts",
  "/home/fqye/projects/zhituji/squoosh/src/shared/prerendered-app/Intro/style.css.d.ts",
  "/home/fqye/projects/zhituji/squoosh/src/shared/prerendered-app/Intro/SlideOnScroll/index.tsx",
  "/home/fqye/projects/zhituji/squoosh/src/shared/prerendered-app/Intro/blob-anim/index.ts",
  "/home/fqye/projects/zhituji/squoosh/src/shared/prerendered-app/Intro/blob-anim/meta.ts",
  "/home/fqye/projects/zhituji/squoosh/src/static-build/index.tsx",
  "/home/fqye/projects/zhituji/squoosh/src/static-build/missing-types.d.ts",
  "/home/fqye/projects/zhituji/squoosh/src/static-build/utils.tsx",
  "/home/fqye/projects/zhituji/squoosh/src/static-build/pages/index/base.css.d.ts",
  "/home/fqye/projects/zhituji/squoosh/src/static-build/pages/index/index.tsx"
 ],
 "options": {
  "target": 6,
  "downlevelIteration": true,
  "module": 99,
  "jsx": 2,
  "jsxFactory": "h",
  "strict": true,
  "moduleResolution": 2,
  "composite": true,
  "declarationMap": true,
  "baseUrl": "/home/fqye/projects/zhituji/squoosh",
  "rootDir": "/home/fqye/projects/zhituji/squoosh",
  "outDir": "/home/fqye/projects/zhituji/squoosh/.tmp/ts",
  "allowSyntheticDefaultImports": true,
  "paths": {
   "static-build/*": [
    "src/static-build/*"
   ],
   "client/*": [
    "src/client/*"
   ],
   "shared/*": [
    "src/shared/*"
   ],
   "features/*": [
    "src/features/*"
   ]
  },
  "pathsBasePath": "/home/fqye/projects/zhituji/squoosh",
  "lib": [
   "lib.esnext.d.ts",
   "lib.dom.d.ts",
   "lib.dom.iterable.d.ts"
  ],
  "types": [
   "node"
  ],
  "configFilePath": "/home/fqye/projects/zhituji/squoosh/static-build-tsconfig.json"
 }
}
Info 13   [14:01:20.614] Finishing updateGraphWorker: Project: /home/fqye/projects/zhituji/squoosh/tsconfig.json Version: 1 structureChanged: true Elapsed: 73.86563789844513ms
Info 14   [14:01:20.614] Different program with same set of files:: structureIsReused:: 0
Info 15   [14:01:20.616] Creating configuration project /home/fqye/projects/zhituji/squoosh/client-tsconfig.json
Info 16   [14:01:20.626] Starting updateGraphWorker: Project: /home/fqye/projects/zhituji/squoosh/client-tsconfig.json
Info 17   [14:01:21.663] Finishing updateGraphWorker: Project: /home/fqye/projects/zhituji/squoosh/client-tsconfig.json Version: 1 structureChanged: true Elapsed: 1037.3860150575638ms
Info 18   [14:01:21.663] Project '/home/fqye/projects/zhituji/squoosh/client-tsconfig.json' (Configured)
Info 19   [14:01:21.664] 	Files (203)

Info 20   [14:01:21.664] -----------------------------------------------
Info 21   [14:01:21.667] Starting updateGraphWorker: Project: /dev/null/autoImportProviderProject1*
Info 22   [14:01:21.801] Finishing updateGraphWorker: Project: /dev/null/autoImportProviderProject1* Version: 1 structureChanged: true Elapsed: 133.4748259782791ms
Info 23   [14:01:21.801] Project '/dev/null/autoImportProviderProject1*' (AutoImportProvider)
Info 24   [14:01:21.801] 	Files (1)

Info 25   [14:01:21.801] -----------------------------------------------
Info 26   [14:01:23.587] Starting updateGraphWorker: Project: /home/fqye/projects/zhituji/squoosh/client-tsconfig.json
Info 27   [14:01:23.611] Finishing updateGraphWorker: Project: /home/fqye/projects/zhituji/squoosh/client-tsconfig.json Version: 2 structureChanged: false Elapsed: 24.746039986610413ms
Info 28   [14:01:23.611] Different program with same set of files:: structureIsReused:: 2
Info 29   [14:01:23.857] Starting updateGraphWorker: Project: /home/fqye/projects/zhituji/squoosh/client-tsconfig.json
Info 30   [14:01:23.879] Finishing updateGraphWorker: Project: /home/fqye/projects/zhituji/squoosh/client-tsconfig.json Version: 3 structureChanged: false Elapsed: 22.49536693096161ms
Info 31   [14:01:23.879] Different program with same set of files:: structureIsReused:: 2
Info 32   [14:01:24.140] Starting updateGraphWorker: Project: /home/fqye/projects/zhituji/squoosh/client-tsconfig.json
Info 33   [14:01:24.162] Finishing updateGraphWorker: Project: /home/fqye/projects/zhituji/squoosh/client-tsconfig.json Version: 4 structureChanged: false Elapsed: 22.09031903743744ms
Info 34   [14:01:24.162] Different program with same set of files:: structureIsReused:: 2
Info 35   [14:01:25.049] Starting updateGraphWorker: Project: /home/fqye/projects/zhituji/squoosh/client-tsconfig.json
Info 36   [14:01:25.066] Finishing updateGraphWorker: Project: /home/fqye/projects/zhituji/squoosh/client-tsconfig.json Version: 5 structureChanged: false Elapsed: 17.039313912391663ms
Info 37   [14:01:25.066] Different program with same set of files:: structureIsReused:: 2
Info 38   [14:01:25.529] Starting updateGraphWorker: Project: /home/fqye/projects/zhituji/squoosh/client-tsconfig.json
Info 39   [14:01:25.550] Finishing updateGraphWorker: Project: /home/fqye/projects/zhituji/squoosh/client-tsconfig.json Version: 6 structureChanged: false Elapsed: 20.562265038490295ms
Info 40   [14:01:25.550] Different program with same set of files:: structureIsReused:: 2
Info 41   [14:01:26.012] Starting updateGraphWorker: Project: /home/fqye/projects/zhituji/squoosh/client-tsconfig.json
Info 42   [14:01:26.037] Finishing updateGraphWorker: Project: /home/fqye/projects/zhituji/squoosh/client-tsconfig.json Version: 7 structureChanged: false Elapsed: 25.59041404724121ms
Info 43   [14:01:26.037] Different program with same set of files:: structureIsReused:: 2
Info 44   [14:01:26.245] Starting updateGraphWorker: Project: /home/fqye/projects/zhituji/squoosh/client-tsconfig.json
Info 45   [14:01:26.260] Finishing updateGraphWorker: Project: /home/fqye/projects/zhituji/squoosh/client-tsconfig.json Version: 8 structureChanged: false Elapsed: 14.818724989891052ms
Info 46   [14:01:26.260] Different program with same set of files:: structureIsReused:: 2
Info 47   [14:01:28.320] Starting updateGraphWorker: Project: /home/fqye/projects/zhituji/squoosh/client-tsconfig.json
Info 48   [14:01:28.340] Finishing updateGraphWorker: Project: /home/fqye/projects/zhituji/squoosh/client-tsconfig.json Version: 9 structureChanged: false Elapsed: 19.177681922912598ms
Info 49   [14:01:28.340] Different program with same set of files:: structureIsReused:: 2
Info 50   [14:01:29.397] Starting updateGraphWorker: Project: /home/fqye/projects/zhituji/squoosh/client-tsconfig.json
Info 51   [14:01:29.418] Finishing updateGraphWorker: Project: /home/fqye/projects/zhituji/squoosh/client-tsconfig.json Version: 10 structureChanged: false Elapsed: 21.256681084632874ms
Info 52   [14:01:29.418] Different program with same set of files:: structureIsReused:: 2
Info 53   [14:01:31.340] Starting updateGraphWorker: Project: /home/fqye/projects/zhituji/squoosh/client-tsconfig.json
Info 54   [14:01:31.349] Finishing updateGraphWorker: Project: /home/fqye/projects/zhituji/squoosh/client-tsconfig.json Version: 11 structureChanged: false Elapsed: 9.173107028007507ms
Info 55   [14:01:31.349] Different program with same set of files:: structureIsReused:: 2
Info 56   [14:01:34.173] Starting updateGraphWorker: Project: /home/fqye/projects/zhituji/squoosh/client-tsconfig.json
Info 57   [14:01:34.186] Finishing updateGraphWorker: Project: /home/fqye/projects/zhituji/squoosh/client-tsconfig.json Version: 12 structureChanged: false Elapsed: 12.669802069664001ms
Info 58   [14:01:34.186] Different program with same set of files:: structureIsReused:: 2
Info 59   [14:01:42.673] Starting updateGraphWorker: Project: /home/fqye/projects/zhituji/squoosh/client-tsconfig.json
Info 60   [14:01:42.689] Finishing updateGraphWorker: Project: /home/fqye/projects/zhituji/squoosh/client-tsconfig.json Version: 13 structureChanged: false Elapsed: 16.612287044525146ms
Info 61   [14:01:42.689] Different program with same set of files:: structureIsReused:: 2
Info 62   [14:01:44.645] Starting updateGraphWorker: Project: /home/fqye/projects/zhituji/squoosh/client-tsconfig.json
Info 63   [14:01:44.669] Finishing updateGraphWorker: Project: /home/fqye/projects/zhituji/squoosh/client-tsconfig.json Version: 14 structureChanged: false Elapsed: 23.349860906600952ms
Info 64   [14:01:44.669] Different program with same set of files:: structureIsReused:: 2
Info 65   [14:01:46.590] Starting updateGraphWorker: Project: /home/fqye/projects/zhituji/squoosh/client-tsconfig.json
Info 66   [14:01:46.615] Finishing updateGraphWorker: Project: /home/fqye/projects/zhituji/squoosh/client-tsconfig.json Version: 15 structureChanged: false Elapsed: 25.278341054916382ms
Info 67   [14:01:46.615] Different program with same set of files:: structureIsReused:: 2
Info 68   [14:01:56.670] Starting updateGraphWorker: Project: /home/fqye/projects/zhituji/squoosh/client-tsconfig.json
Info 69   [14:01:56.697] Finishing updateGraphWorker: Project: /home/fqye/projects/zhituji/squoosh/client-tsconfig.json Version: 16 structureChanged: false Elapsed: 26.430431962013245ms
Info 70   [14:01:56.697] Different program with same set of files:: structureIsReused:: 2
Info 71   [14:01:56.989] Starting updateGraphWorker: Project: /home/fqye/projects/zhituji/squoosh/client-tsconfig.json
Info 72   [14:01:57.011] Finishing updateGraphWorker: Project: /home/fqye/projects/zhituji/squoosh/client-tsconfig.json Version: 17 structureChanged: false Elapsed: 22.014214038848877ms
Info 73   [14:01:57.011] Different program with same set of files:: structureIsReused:: 2
Info 74   [14:01:57.248] Starting updateGraphWorker: Project: /home/fqye/projects/zhituji/squoosh/client-tsconfig.json
Info 75   [14:01:57.272] Finishing updateGraphWorker: Project: /home/fqye/projects/zhituji/squoosh/client-tsconfig.json Version: 18 structureChanged: false Elapsed: 23.628624081611633ms
Info 76   [14:01:57.272] Different program with same set of files:: structureIsReused:: 2
Info 77   [14:01:57.272] Starting updateGraphWorker: Project: /home/fqye/projects/zhituji/squoosh/client-tsconfig.json
Info 78   [14:01:57.293] Finishing updateGraphWorker: Project: /home/fqye/projects/zhituji/squoosh/client-tsconfig.json Version: 19 structureChanged: false Elapsed: 20.59775197505951ms
Info 79   [14:01:57.293] Different program with same set of files:: structureIsReused:: 2
Info 80   [14:01:57.671] Starting updateGraphWorker: Project: /home/fqye/projects/zhituji/squoosh/client-tsconfig.json
Info 81   [14:01:57.681] Finishing updateGraphWorker: Project: /home/fqye/projects/zhituji/squoosh/client-tsconfig.json Version: 20 structureChanged: false Elapsed: 9.436028957366943ms
Info 82   [14:01:57.681] Different program with same set of files:: structureIsReused:: 2
Info 83   [14:01:57.980] Starting updateGraphWorker: Project: /home/fqye/projects/zhituji/squoosh/client-tsconfig.json
Info 84   [14:01:58.001] Finishing updateGraphWorker: Project: /home/fqye/projects/zhituji/squoosh/client-tsconfig.json Version: 21 structureChanged: false Elapsed: 21.440570950508118ms
Info 85   [14:01:58.001] Different program with same set of files:: structureIsReused:: 2
Info 86   [14:01:58.342] Starting updateGraphWorker: Project: /home/fqye/projects/zhituji/squoosh/client-tsconfig.json
Info 87   [14:01:58.354] Finishing updateGraphWorker: Project: /home/fqye/projects/zhituji/squoosh/client-tsconfig.json Version: 22 structureChanged: false Elapsed: 11.47409999370575ms
Info 88   [14:01:58.354] Different program with same set of files:: structureIsReused:: 2
Info 89   [14:01:59.913] Starting updateGraphWorker: Project: /home/fqye/projects/zhituji/squoosh/client-tsconfig.json
Info 90   [14:01:59.923] Finishing updateGraphWorker: Project: /home/fqye/projects/zhituji/squoosh/client-tsconfig.json Version: 23 structureChanged: false Elapsed: 10.757676005363464ms
Info 91   [14:01:59.924] Different program with same set of files:: structureIsReused:: 2
Info 92   [14:02:01.421] Starting updateGraphWorker: Project: /home/fqye/projects/zhituji/squoosh/client-tsconfig.json
Info 93   [14:02:01.434] Finishing updateGraphWorker: Project: /home/fqye/projects/zhituji/squoosh/client-tsconfig.json Version: 24 structureChanged: false Elapsed: 13.606227040290833ms
Info 94   [14:02:01.434] Different program with same set of files:: structureIsReused:: 2
Info 95   [14:02:02.742] Starting updateGraphWorker: Project: /home/fqye/projects/zhituji/squoosh/client-tsconfig.json
Info 96   [14:02:02.759] Finishing updateGraphWorker: Project: /home/fqye/projects/zhituji/squoosh/client-tsconfig.json Version: 25 structureChanged: false Elapsed: 17.79736602306366ms
Info 97   [14:02:02.760] Different program with same set of files:: structureIsReused:: 2
Info 98   [14:04:27.759] Search path: /home/fqye/projects/zhituji/squoosh/libsquoosh/src
Info 99   [14:04:27.760] For info: /home/fqye/projects/zhituji/squoosh/libsquoosh/src/codecs.ts :: Config file name: /home/fqye/projects/zhituji/squoosh/libsquoosh/tsconfig.json
Info 100  [14:04:27.760] Creating configuration project /home/fqye/projects/zhituji/squoosh/libsquoosh/tsconfig.json
Info 101  [14:04:27.780] Config: /home/fqye/projects/zhituji/squoosh/libsquoosh/tsconfig.json : {
 "rootNames": [
  "/home/fqye/projects/zhituji/squoosh/libsquoosh/src/WebAssembly.d.ts",
  "/home/fqye/projects/zhituji/squoosh/libsquoosh/src/auto-optimizer.ts",
  "/home/fqye/projects/zhituji/squoosh/libsquoosh/src/codecs.ts",
  "/home/fqye/projects/zhituji/squoosh/libsquoosh/src/emscripten-utils.ts",
  "/home/fqye/projects/zhituji/squoosh/libsquoosh/src/image_data.ts",
  "/home/fqye/projects/zhituji/squoosh/libsquoosh/src/index.ts",
  "/home/fqye/projects/zhituji/squoosh/libsquoosh/src/missing-types.d.ts",
  "/home/fqye/projects/zhituji/squoosh/libsquoosh/src/worker_pool.ts",
  "/home/fqye/projects/zhituji/squoosh/codecs/avif/dec/avif_dec.d.ts",
  "/home/fqye/projects/zhituji/squoosh/codecs/avif/dec/avif_dec.js",
  "/home/fqye/projects/zhituji/squoosh/codecs/avif/dec/avif_node_dec.js",
  "/home/fqye/projects/zhituji/squoosh/codecs/avif/enc/avif_enc.d.ts",
  "/home/fqye/projects/zhituji/squoosh/codecs/avif/enc/avif_enc.js",
  "/home/fqye/projects/zhituji/squoosh/codecs/avif/enc/avif_enc_mt.d.ts",
  "/home/fqye/projects/zhituji/squoosh/codecs/avif/enc/avif_enc_mt.js",
  "/home/fqye/projects/zhituji/squoosh/codecs/avif/enc/avif_enc_mt.worker.js",
  "/home/fqye/projects/zhituji/squoosh/codecs/avif/enc/avif_node_enc.js",
  "/home/fqye/projects/zhituji/squoosh/codecs/avif/enc/avif_node_enc_mt.js",
  "/home/fqye/projects/zhituji/squoosh/codecs/avif/enc/avif_node_enc_mt.worker.js",
  "/home/fqye/projects/zhituji/squoosh/codecs/hqx/pkg/squooshhqx.d.ts",
  "/home/fqye/projects/zhituji/squoosh/codecs/hqx/pkg/squooshhqx.js",
  "/home/fqye/projects/zhituji/squoosh/codecs/imagequant/imagequant.d.ts",
  "/home/fqye/projects/zhituji/squoosh/codecs/imagequant/imagequant.js",
  "/home/fqye/projects/zhituji/squoosh/codecs/imagequant/imagequant_node.js",
  "/home/fqye/projects/zhituji/squoosh/codecs/jxl/dec/jxl_dec.d.ts",
  "/home/fqye/projects/zhituji/squoosh/codecs/jxl/dec/jxl_dec.js",
  "/home/fqye/projects/zhituji/squoosh/codecs/jxl/dec/jxl_node_dec.js",
  "/home/fqye/projects/zhituji/squoosh/codecs/jxl/enc/jxl_enc.d.ts",
  "/home/fqye/projects/zhituji/squoosh/codecs/jxl/enc/jxl_enc.js",
  "/home/fqye/projects/zhituji/squoosh/codecs/jxl/enc/jxl_enc_mt.d.ts",
  "/home/fqye/projects/zhituji/squoosh/codecs/jxl/enc/jxl_enc_mt.js",
  "/home/fqye/projects/zhituji/squoosh/codecs/jxl/enc/jxl_enc_mt.worker.js",
  "/home/fqye/projects/zhituji/squoosh/codecs/jxl/enc/jxl_enc_mt_simd.d.ts",
  "/home/fqye/projects/zhituji/squoosh/codecs/jxl/enc/jxl_enc_mt_simd.js",
  "/home/fqye/projects/zhituji/squoosh/codecs/jxl/enc/jxl_enc_mt_simd.worker.js",
  "/home/fqye/projects/zhituji/squoosh/codecs/jxl/enc/jxl_node_enc.js",
  "/home/fqye/projects/zhituji/squoosh/codecs/mozjpeg/dec/mozjpeg_node_dec.js",
  "/home/fqye/projects/zhituji/squoosh/codecs/mozjpeg/enc/mozjpeg_enc.d.ts",
  "/home/fqye/projects/zhituji/squoosh/codecs/mozjpeg/enc/mozjpeg_enc.js",
  "/home/fqye/projects/zhituji/squoosh/codecs/mozjpeg/enc/mozjpeg_node_enc.js",
  "/home/fqye/projects/zhituji/squoosh/codecs/oxipng/pkg/squoosh_oxipng.d.ts",
  "/home/fqye/projects/zhituji/squoosh/codecs/oxipng/pkg/squoosh_oxipng.js",
  "/home/fqye/projects/zhituji/squoosh/codecs/oxipng/pkg/squoosh_oxipng_bg.wasm.d.ts",
  "/home/fqye/projects/zhituji/squoosh/codecs/oxipng/pkg-parallel/squoosh_oxipng.d.ts",
  "/home/fqye/projects/zhituji/squoosh/codecs/oxipng/pkg-parallel/squoosh_oxipng.js",
  "/home/fqye/projects/zhituji/squoosh/codecs/oxipng/pkg-parallel/squoosh_oxipng_bg.wasm.d.ts",
  "/home/fqye/projects/zhituji/squoosh/codecs/oxipng/pkg-parallel/snippets/wasm-bindgen-rayon-3d2df09ebec17a22/src/workerHelpers.js",
  "/home/fqye/projects/zhituji/squoosh/codecs/png/pkg/squoosh_png.d.ts",
  "/home/fqye/projects/zhituji/squoosh/codecs/png/pkg/squoosh_png.js",
  "/home/fqye/projects/zhituji/squoosh/codecs/png/pkg/squoosh_png_bg.wasm.d.ts",
  "/home/fqye/projects/zhituji/squoosh/codecs/resize/pkg/squoosh_resize.d.ts",
  "/home/fqye/projects/zhituji/squoosh/codecs/resize/pkg/squoosh_resize.js",
  "/home/fqye/projects/zhituji/squoosh/codecs/resize/pkg/squoosh_resize_bg.wasm.d.ts",
  "/home/fqye/projects/zhituji/squoosh/codecs/rotate/benchmark.js",
  "/home/fqye/projects/zhituji/squoosh/codecs/visdif/visdif.js",
  "/home/fqye/projects/zhituji/squoosh/codecs/webp/dec/webp_dec.d.ts",
  "/home/fqye/projects/zhituji/squoosh/codecs/webp/dec/webp_dec.js",
  "/home/fqye/projects/zhituji/squoosh/codecs/webp/dec/webp_node_dec.js",
  "/home/fqye/projects/zhituji/squoosh/codecs/webp/enc/webp_enc.d.ts",
  "/home/fqye/projects/zhituji/squoosh/codecs/webp/enc/webp_enc.js",
  "/home/fqye/projects/zhituji/squoosh/codecs/webp/enc/webp_enc_simd.d.ts",
  "/home/fqye/projects/zhituji/squoosh/codecs/webp/enc/webp_enc_simd.js",
  "/home/fqye/projects/zhituji/squoosh/codecs/webp/enc/webp_node_enc.js",
  "/home/fqye/projects/zhituji/squoosh/codecs/wp2/dec/wp2_dec.d.ts",
  "/home/fqye/projects/zhituji/squoosh/codecs/wp2/dec/wp2_dec.js",
  "/home/fqye/projects/zhituji/squoosh/codecs/wp2/dec/wp2_node_dec.js",
  "/home/fqye/projects/zhituji/squoosh/codecs/wp2/enc/wp2_enc.d.ts",
  "/home/fqye/projects/zhituji/squoosh/codecs/wp2/enc/wp2_enc.js",
  "/home/fqye/projects/zhituji/squoosh/codecs/wp2/enc/wp2_enc_mt.d.ts",
  "/home/fqye/projects/zhituji/squoosh/codecs/wp2/enc/wp2_enc_mt.js",
  "/home/fqye/projects/zhituji/squoosh/codecs/wp2/enc/wp2_enc_mt.worker.js",
  "/home/fqye/projects/zhituji/squoosh/codecs/wp2/enc/wp2_enc_mt_simd.d.ts",
  "/home/fqye/projects/zhituji/squoosh/codecs/wp2/enc/wp2_enc_mt_simd.js",
  "/home/fqye/projects/zhituji/squoosh/codecs/wp2/enc/wp2_enc_mt_simd.worker.js",
  "/home/fqye/projects/zhituji/squoosh/codecs/wp2/enc/wp2_node_enc.js"
 ],
 "options": {
  "target": 6,
  "downlevelIteration": true,
  "module": 99,
  "jsx": 2,
  "jsxFactory": "h",
  "strict": true,
  "moduleResolution": 2,
  "composite": true,
  "declarationMap": true,
  "baseUrl": "/home/fqye/projects/zhituji/squoosh",
  "rootDir": "/home/fqye/projects/zhituji/squoosh",
  "outDir": "/home/fqye/projects/zhituji/squoosh/.tmp/ts",
  "allowSyntheticDefaultImports": true,
  "paths": {
   "static-build/*": [
    "src/static-build/*"
   ],
   "client/*": [
    "src/client/*"
   ],
   "shared/*": [
    "src/shared/*"
   ],
   "features/*": [
    "src/features/*"
   ]
  },
  "pathsBasePath": "/home/fqye/projects/zhituji/squoosh",
  "lib": [
   "lib.esnext.d.ts"
  ],
  "types": [
   "node"
  ],
  "allowJs": true,
  "configFilePath": "/home/fqye/projects/zhituji/squoosh/libsquoosh/tsconfig.json"
 }
}
Info 102  [14:04:27.784] Starting updateGraphWorker: Project: /home/fqye/projects/zhituji/squoosh/libsquoosh/tsconfig.json
Info 103  [14:04:28.815] Finishing updateGraphWorker: Project: /home/fqye/projects/zhituji/squoosh/libsquoosh/tsconfig.json Version: 1 structureChanged: true Elapsed: 1030.1966480016708ms
Info 104  [14:04:28.815] Project '/home/fqye/projects/zhituji/squoosh/libsquoosh/tsconfig.json' (Configured)
Info 105  [14:04:28.815] 	Files (165)

Info 106  [14:04:28.815] -----------------------------------------------
Info 107  [14:04:28.818] Starting updateGraphWorker: Project: /dev/null/autoImportProviderProject2*
Info 108  [14:04:28.882] Finishing updateGraphWorker: Project: /dev/null/autoImportProviderProject2* Version: 1 structureChanged: true Elapsed: 63.8037930727005ms
Info 109  [14:04:28.882] Project '/dev/null/autoImportProviderProject2*' (AutoImportProvider)
Info 110  [14:04:28.882] 	Files (1)

Info 111  [14:04:28.882] -----------------------------------------------
Info 112  [14:04:28.884] Search path: /home/fqye/projects/zhituji/squoosh/libsquoosh
Info 113  [14:04:28.884] For info: /home/fqye/projects/zhituji/squoosh/libsquoosh/tsconfig.json :: Config file name: /home/fqye/projects/zhituji/squoosh/tsconfig.json
Info 114  [14:04:28.884] Search path: /home/fqye/projects/zhituji/squoosh
Info 115  [14:04:28.884] For info: /home/fqye/projects/zhituji/squoosh/tsconfig.json :: No config files found.
Info 116  [14:04:41.564] Starting updateGraphWorker: Project: /home/fqye/projects/zhituji/squoosh/libsquoosh/tsconfig.json
Info 117  [14:04:41.588] Finishing updateGraphWorker: Project: /home/fqye/projects/zhituji/squoosh/libsquoosh/tsconfig.json Version: 2 structureChanged: false Elapsed: 24.040086030960083ms
Info 118  [14:04:41.588] Different program with same set of files:: structureIsReused:: 2
Info 119  [14:04:41.642] Starting updateGraphWorker: Project: /home/fqye/projects/zhituji/squoosh/libsquoosh/tsconfig.json
Info 120  [14:04:41.656] Finishing updateGraphWorker: Project: /home/fqye/projects/zhituji/squoosh/libsquoosh/tsconfig.json Version: 3 structureChanged: false Elapsed: 13.79929006099701ms
Info 121  [14:04:41.656] Different program with same set of files:: structureIsReused:: 2
Info 122  [14:04:42.258] Starting updateGraphWorker: Project: /home/fqye/projects/zhituji/squoosh/libsquoosh/tsconfig.json
Info 123  [14:04:42.273] Finishing updateGraphWorker: Project: /home/fqye/projects/zhituji/squoosh/libsquoosh/tsconfig.json Version: 4 structureChanged: false Elapsed: 14.888897061347961ms
Info 124  [14:04:42.273] Different program with same set of files:: structureIsReused:: 2
Info 125  [14:04:44.533] Starting updateGraphWorker: Project: /home/fqye/projects/zhituji/squoosh/libsquoosh/tsconfig.json
Info 126  [14:04:44.546] Finishing updateGraphWorker: Project: /home/fqye/projects/zhituji/squoosh/libsquoosh/tsconfig.json Version: 5 structureChanged: false Elapsed: 12.598337054252625ms
Info 127  [14:04:44.546] Different program with same set of files:: structureIsReused:: 2
Info 128  [14:04:46.030] Starting updateGraphWorker: Project: /home/fqye/projects/zhituji/squoosh/libsquoosh/tsconfig.json
Info 129  [14:04:46.068] Finishing updateGraphWorker: Project: /home/fqye/projects/zhituji/squoosh/libsquoosh/tsconfig.json Version: 6 structureChanged: false Elapsed: 37.70597791671753ms
Info 130  [14:04:46.068] Different program with same set of files:: structureIsReused:: 2
Info 131  [14:04:50.226] Starting updateGraphWorker: Project: /home/fqye/projects/zhituji/squoosh/libsquoosh/tsconfig.json
Info 132  [14:04:50.238] Finishing updateGraphWorker: Project: /home/fqye/projects/zhituji/squoosh/libsquoosh/tsconfig.json Version: 7 structureChanged: false Elapsed: 11.57151198387146ms
Info 133  [14:04:50.238] Different program with same set of files:: structureIsReused:: 2
Info 134  [14:04:53.035] Starting updateGraphWorker: Project: /home/fqye/projects/zhituji/squoosh/libsquoosh/tsconfig.json
Info 135  [14:04:53.059] Finishing updateGraphWorker: Project: /home/fqye/projects/zhituji/squoosh/libsquoosh/tsconfig.json Version: 8 structureChanged: false Elapsed: 23.367812991142273ms
Info 136  [14:04:53.059] Different program with same set of files:: structureIsReused:: 2
Info 137  [14:05:34.668] Search path: /home/fqye/projects/zhituji/squoosh/src/client/lazy-app/Compress/Output
Info 138  [14:05:34.668] For info: /home/fqye/projects/zhituji/squoosh/src/client/lazy-app/Compress/Output/index.tsx :: Config file name: /home/fqye/projects/zhituji/squoosh/tsconfig.json
Info 139  [14:05:43.719] Starting updateGraphWorker: Project: /home/fqye/projects/zhituji/squoosh/client-tsconfig.json
Info 140  [14:05:43.741] Finishing updateGraphWorker: Project: /home/fqye/projects/zhituji/squoosh/client-tsconfig.json Version: 26 structureChanged: false Elapsed: 22.72033405303955ms
Info 141  [14:05:43.741] Different program with same set of files:: structureIsReused:: 2
Info 142  [14:05:45.758] Starting updateGraphWorker: Project: /home/fqye/projects/zhituji/squoosh/client-tsconfig.json
Info 143  [14:05:45.779] Finishing updateGraphWorker: Project: /home/fqye/projects/zhituji/squoosh/client-tsconfig.json Version: 27 structureChanged: false Elapsed: 21.264222025871277ms
Info 144  [14:05:45.779] Different program with same set of files:: structureIsReused:: 2
Info 145  [14:06:08.436] Starting updateGraphWorker: Project: /home/fqye/projects/zhituji/squoosh/libsquoosh/tsconfig.json
Info 146  [14:06:08.460] Finishing updateGraphWorker: Project: /home/fqye/projects/zhituji/squoosh/libsquoosh/tsconfig.json Version: 9 structureChanged: false Elapsed: 23.57601499557495ms
Info 147  [14:06:08.460] Different program with same set of files:: structureIsReused:: 2
Info 148  [14:06:08.975] Starting updateGraphWorker: Project: /home/fqye/projects/zhituji/squoosh/libsquoosh/tsconfig.json
Info 149  [14:06:09.005] Finishing updateGraphWorker: Project: /home/fqye/projects/zhituji/squoosh/libsquoosh/tsconfig.json Version: 10 structureChanged: false Elapsed: 30.134155988693237ms
Info 150  [14:06:09.005] Different program with same set of files:: structureIsReused:: 2
Info 151  [14:06:41.300] Starting updateGraphWorker: Project: /home/fqye/projects/zhituji/squoosh/client-tsconfig.json
Info 152  [14:06:41.316] Finishing updateGraphWorker: Project: /home/fqye/projects/zhituji/squoosh/client-tsconfig.json Version: 28 structureChanged: false Elapsed: 15.868222951889038ms
Info 153  [14:06:41.317] Different program with same set of files:: structureIsReused:: 2
Info 154  [14:06:41.660] Starting updateGraphWorker: Project: /home/fqye/projects/zhituji/squoosh/client-tsconfig.json
Info 155  [14:06:41.680] Finishing updateGraphWorker: Project: /home/fqye/projects/zhituji/squoosh/client-tsconfig.json Version: 29 structureChanged: false Elapsed: 19.917544960975647ms
Info 156  [14:06:41.680] Different program with same set of files:: structureIsReused:: 2
Info 157  [14:06:41.925] Starting updateGraphWorker: Project: /home/fqye/projects/zhituji/squoosh/client-tsconfig.json
Info 158  [14:06:41.946] Finishing updateGraphWorker: Project: /home/fqye/projects/zhituji/squoosh/client-tsconfig.json Version: 30 structureChanged: false Elapsed: 21.5246719121933ms
Info 159  [14:06:41.946] Different program with same set of files:: structureIsReused:: 2
Info 160  [14:06:47.827] Starting updateGraphWorker: Project: /home/fqye/projects/zhituji/squoosh/client-tsconfig.json
Info 161  [14:06:47.852] Finishing updateGraphWorker: Project: /home/fqye/projects/zhituji/squoosh/client-tsconfig.json Version: 31 structureChanged: false Elapsed: 24.799002051353455ms
Info 162  [14:06:47.852] Different program with same set of files:: structureIsReused:: 2
Info 163  [14:06:48.416] Starting updateGraphWorker: Project: /home/fqye/projects/zhituji/squoosh/client-tsconfig.json
Info 164  [14:06:48.440] Finishing updateGraphWorker: Project: /home/fqye/projects/zhituji/squoosh/client-tsconfig.json Version: 32 structureChanged: false Elapsed: 23.981112003326416ms
Info 165  [14:06:48.440] Different program with same set of files:: structureIsReused:: 2
Info 166  [14:06:48.697] DirectoryWatcher:: Triggered with /home/fqye/projects/zhituji/squoosh/src/client/lazy-app/Compress/Output/#index.tsx# 0:: WatchInfo: /home/fqye/projects/zhituji/squoosh/src/client 1 undefined Config: /home/fqye/projects/zhituji/squoosh/client-tsconfig.json WatchType: Wild card directory
Info 167  [14:06:48.698] Project: /home/fqye/projects/zhituji/squoosh/client-tsconfig.json Detected file add/remove of non supported extension: /home/fqye/projects/zhituji/squoosh/src/client/lazy-app/Compress/Output/#index.tsx#
Info 168  [14:06:48.698] Elapsed:: 0.3677860498428345ms DirectoryWatcher:: Triggered with /home/fqye/projects/zhituji/squoosh/src/client/lazy-app/Compress/Output/#index.tsx# 0:: WatchInfo: /home/fqye/projects/zhituji/squoosh/src/client 1 undefined Config: /home/fqye/projects/zhituji/squoosh/client-tsconfig.json WatchType: Wild card directory
Info 169  [14:06:48.698] DirectoryWatcher:: Triggered with /home/fqye/projects/zhituji/squoosh/src/client/lazy-app/Compress/Output/#index.tsx# 0:: WatchInfo: /home/fqye/projects/zhituji/squoosh/src 1 undefined Project: /home/fqye/projects/zhituji/squoosh/client-tsconfig.json WatchType: Failed Lookup Locations
Info 170  [14:06:48.698] Elapsed:: 0.11438107490539551ms DirectoryWatcher:: Triggered with /home/fqye/projects/zhituji/squoosh/src/client/lazy-app/Compress/Output/#index.tsx# 0:: WatchInfo: /home/fqye/projects/zhituji/squoosh/src 1 undefined Project: /home/fqye/projects/zhituji/squoosh/client-tsconfig.json WatchType: Failed Lookup Locations
Info 171  [14:06:51.243] Starting updateGraphWorker: Project: /home/fqye/projects/zhituji/squoosh/client-tsconfig.json
Info 172  [14:06:51.266] Finishing updateGraphWorker: Project: /home/fqye/projects/zhituji/squoosh/client-tsconfig.json Version: 33 structureChanged: false Elapsed: 22.953307032585144ms
Info 173  [14:06:51.266] Different program with same set of files:: structureIsReused:: 2
Info 174  [14:06:52.726] Starting updateGraphWorker: Project: /home/fqye/projects/zhituji/squoosh/client-tsconfig.json
Info 175  [14:06:52.744] Finishing updateGraphWorker: Project: /home/fqye/projects/zhituji/squoosh/client-tsconfig.json Version: 34 structureChanged: false Elapsed: 17.333853006362915ms
Info 176  [14:06:52.744] Different program with same set of files:: structureIsReused:: 2
Info 177  [14:06:52.744] Starting updateGraphWorker: Project: /home/fqye/projects/zhituji/squoosh/client-tsconfig.json
Info 178  [14:06:52.754] Finishing updateGraphWorker: Project: /home/fqye/projects/zhituji/squoosh/client-tsconfig.json Version: 35 structureChanged: false Elapsed: 9.859845995903015ms
Info 179  [14:06:52.754] Different program with same set of files:: structureIsReused:: 2
Info 180  [14:06:54.779] Starting updateGraphWorker: Project: /home/fqye/projects/zhituji/squoosh/client-tsconfig.json
Info 181  [14:06:54.799] Finishing updateGraphWorker: Project: /home/fqye/projects/zhituji/squoosh/client-tsconfig.json Version: 36 structureChanged: false Elapsed: 20.049020051956177ms
Info 182  [14:06:54.799] Different program with same set of files:: structureIsReused:: 2
Info 183  [14:06:57.009] Starting updateGraphWorker: Project: /home/fqye/projects/zhituji/squoosh/client-tsconfig.json
Info 184  [14:06:57.020] Finishing updateGraphWorker: Project: /home/fqye/projects/zhituji/squoosh/client-tsconfig.json Version: 37 structureChanged: false Elapsed: 11.187834024429321ms
Info 185  [14:06:57.020] Different program with same set of files:: structureIsReused:: 2
Info 186  [14:07:02.273] Starting updateGraphWorker: Project: /home/fqye/projects/zhituji/squoosh/client-tsconfig.json
Info 187  [14:07:02.293] Finishing updateGraphWorker: Project: /home/fqye/projects/zhituji/squoosh/client-tsconfig.json Version: 38 structureChanged: false Elapsed: 20.51903998851776ms
Info 188  [14:07:02.293] Different program with same set of files:: structureIsReused:: 2
Info 189  [14:07:02.531] Starting updateGraphWorker: Project: /home/fqye/projects/zhituji/squoosh/client-tsconfig.json
Info 190  [14:07:02.553] Finishing updateGraphWorker: Project: /home/fqye/projects/zhituji/squoosh/client-tsconfig.json Version: 39 structureChanged: false Elapsed: 21.986268997192383ms
Info 191  [14:07:02.553] Different program with same set of files:: structureIsReused:: 2
Info 192  [14:07:04.944] Starting updateGraphWorker: Project: /home/fqye/projects/zhituji/squoosh/client-tsconfig.json
Info 193  [14:07:04.955] Finishing updateGraphWorker: Project: /home/fqye/projects/zhituji/squoosh/client-tsconfig.json Version: 40 structureChanged: false Elapsed: 11.104578018188477ms
Info 194  [14:07:04.955] Different program with same set of files:: structureIsReused:: 2
Info 195  [14:07:06.985] Starting updateGraphWorker: Project: /home/fqye/projects/zhituji/squoosh/client-tsconfig.json
Info 196  [14:07:06.999] Finishing updateGraphWorker: Project: /home/fqye/projects/zhituji/squoosh/client-tsconfig.json Version: 41 structureChanged: false Elapsed: 13.598230957984924ms
Info 197  [14:07:06.999] Different program with same set of files:: structureIsReused:: 2
Info 198  [14:07:10.235] DirectoryWatcher:: Triggered with /home/fqye/projects/zhituji/squoosh/src/client/lazy-app/Compress/Output/#index.tsx# 0:: WatchInfo: /home/fqye/projects/zhituji/squoosh/src/client 1 undefined Config: /home/fqye/projects/zhituji/squoosh/client-tsconfig.json WatchType: Wild card directory
Info 199  [14:07:10.237] Project: /home/fqye/projects/zhituji/squoosh/client-tsconfig.json Detected file add/remove of non supported extension: /home/fqye/projects/zhituji/squoosh/src/client/lazy-app/Compress/Output/#index.tsx#
Info 200  [14:07:10.237] Elapsed:: 1.720936894416809ms DirectoryWatcher:: Triggered with /home/fqye/projects/zhituji/squoosh/src/client/lazy-app/Compress/Output/#index.tsx# 0:: WatchInfo: /home/fqye/projects/zhituji/squoosh/src/client 1 undefined Config: /home/fqye/projects/zhituji/squoosh/client-tsconfig.json WatchType: Wild card directory
Info 201  [14:07:10.237] DirectoryWatcher:: Triggered with /home/fqye/projects/zhituji/squoosh/src/client/lazy-app/Compress/Output/#index.tsx# 0:: WatchInfo: /home/fqye/projects/zhituji/squoosh/src 1 undefined Project: /home/fqye/projects/zhituji/squoosh/client-tsconfig.json WatchType: Failed Lookup Locations
Info 202  [14:07:10.237] Elapsed:: 0.14743804931640625ms DirectoryWatcher:: Triggered with /home/fqye/projects/zhituji/squoosh/src/client/lazy-app/Compress/Output/#index.tsx# 0:: WatchInfo: /home/fqye/projects/zhituji/squoosh/src 1 undefined Project: /home/fqye/projects/zhituji/squoosh/client-tsconfig.json WatchType: Failed Lookup Locations
Info 203  [14:09:35.248] Search path: /home/fqye/projects/zhituji/squoosh/src/client/lazy-app/Compress/Options
Info 204  [14:09:35.248] For info: /home/fqye/projects/zhituji/squoosh/src/client/lazy-app/Compress/Options/index.tsx :: Config file name: /home/fqye/projects/zhituji/squoosh/tsconfig.json
Info 205  [14:09:35.248] Starting updateGraphWorker: Project: /home/fqye/projects/zhituji/squoosh/client-tsconfig.json
Info 206  [14:09:35.282] Finishing updateGraphWorker: Project: /home/fqye/projects/zhituji/squoosh/client-tsconfig.json Version: 42 structureChanged: false Elapsed: 33.31145095825195ms
Info 207  [14:09:35.282] Different program with same set of files:: structureIsReused:: 2
Info 208  [14:09:35.287] `remove Project::
Info 209  [14:09:35.287] Project '/home/fqye/projects/zhituji/squoosh/libsquoosh/tsconfig.json' (Configured)
Info 210  [14:09:35.287] 	Files (165)

Info 211  [14:09:35.287] -----------------------------------------------
Info 212  [14:09:35.287] Project '/dev/null/autoImportProviderProject2*' (AutoImportProvider)
Info 213  [14:09:35.287] 	Files (1)

Info 214  [14:09:35.287] -----------------------------------------------
Info 215  [14:09:45.453] Starting updateGraphWorker: Project: /home/fqye/projects/zhituji/squoosh/client-tsconfig.json
Info 216  [14:09:45.467] Finishing updateGraphWorker: Project: /home/fqye/projects/zhituji/squoosh/client-tsconfig.json Version: 43 structureChanged: false Elapsed: 13.420601963996887ms
Info 217  [14:09:45.467] Different program with same set of files:: structureIsReused:: 2
Info 218  [14:09:46.004] Starting updateGraphWorker: Project: /home/fqye/projects/zhituji/squoosh/client-tsconfig.json
Info 219  [14:09:46.030] Finishing updateGraphWorker: Project: /home/fqye/projects/zhituji/squoosh/client-tsconfig.json Version: 44 structureChanged: false Elapsed: 25.238234996795654ms
Info 220  [14:09:46.030] Different program with same set of files:: structureIsReused:: 2
Info 221  [14:09:46.744] Starting updateGraphWorker: Project: /home/fqye/projects/zhituji/squoosh/client-tsconfig.json
Info 222  [14:09:46.755] Finishing updateGraphWorker: Project: /home/fqye/projects/zhituji/squoosh/client-tsconfig.json Version: 45 structureChanged: false Elapsed: 10.04710602760315ms
Info 223  [14:09:46.755] Different program with same set of files:: structureIsReused:: 2
Info 224  [14:09:47.084] Starting updateGraphWorker: Project: /home/fqye/projects/zhituji/squoosh/client-tsconfig.json
Info 225  [14:09:47.097] Finishing updateGraphWorker: Project: /home/fqye/projects/zhituji/squoosh/client-tsconfig.json Version: 46 structureChanged: false Elapsed: 12.930863976478577ms
Info 226  [14:09:47.097] Different program with same set of files:: structureIsReused:: 2
Info 227  [14:09:48.998] Starting updateGraphWorker: Project: /home/fqye/projects/zhituji/squoosh/client-tsconfig.json
Info 228  [14:09:49.011] Finishing updateGraphWorker: Project: /home/fqye/projects/zhituji/squoosh/client-tsconfig.json Version: 47 structureChanged: false Elapsed: 13.029942989349365ms
Info 229  [14:09:49.011] Different program with same set of files:: structureIsReused:: 2
Info 230  [14:09:50.154] Starting updateGraphWorker: Project: /home/fqye/projects/zhituji/squoosh/client-tsconfig.json
Info 231  [14:09:50.164] Finishing updateGraphWorker: Project: /home/fqye/projects/zhituji/squoosh/client-tsconfig.json Version: 48 structureChanged: false Elapsed: 10.865541100502014ms
Info 232  [14:09:50.165] Different program with same set of files:: structureIsReused:: 2
Info 233  [14:09:59.337] Starting updateGraphWorker: Project: /home/fqye/projects/zhituji/squoosh/client-tsconfig.json
Info 234  [14:09:59.365] Finishing updateGraphWorker: Project: /home/fqye/projects/zhituji/squoosh/client-tsconfig.json Version: 49 structureChanged: false Elapsed: 27.637823939323425ms
Info 235  [14:09:59.365] Different program with same set of files:: structureIsReused:: 2
Info 236  [14:10:18.826] Starting updateGraphWorker: Project: /home/fqye/projects/zhituji/squoosh/client-tsconfig.json
Info 237  [14:10:18.840] Finishing updateGraphWorker: Project: /home/fqye/projects/zhituji/squoosh/client-tsconfig.json Version: 50 structureChanged: false Elapsed: 13.917845010757446ms
Info 238  [14:10:18.840] Different program with same set of files:: structureIsReused:: 2
Info 239  [14:10:23.237] Starting updateGraphWorker: Project: /home/fqye/projects/zhituji/squoosh/client-tsconfig.json
Info 240  [14:10:23.259] Finishing updateGraphWorker: Project: /home/fqye/projects/zhituji/squoosh/client-tsconfig.json Version: 51 structureChanged: false Elapsed: 21.948115944862366ms
Info 241  [14:10:23.259] Different program with same set of files:: structureIsReused:: 2
Info 242  [14:10:24.831] Starting updateGraphWorker: Project: /home/fqye/projects/zhituji/squoosh/client-tsconfig.json
Info 243  [14:10:24.855] Finishing updateGraphWorker: Project: /home/fqye/projects/zhituji/squoosh/client-tsconfig.json Version: 52 structureChanged: false Elapsed: 24.31650996208191ms
Info 244  [14:10:24.855] Different program with same set of files:: structureIsReused:: 2
Info 245  [14:10:24.857] getCompletionData: Get current token: 0.07225906848907471
Info 246  [14:10:24.857] getCompletionData: Is inside comment: 0.10434496402740479
Info 247  [14:10:24.857] getCompletionData: Get previous token 1: 0.016211986541748047
Info 248  [14:10:24.858] getCompletionsAtPosition: isCompletionListBlocker: 0.38587701320648193
Info 249  [14:10:24.859] getCompletionData: Get current token: 0.008324027061462402
Info 250  [14:10:24.859] getCompletionData: Is inside comment: 0.018174052238464355
Info 251  [14:10:24.859] getCompletionData: Get previous token 1: 0.014253973960876465
Info 252  [14:10:24.859] getCompletionsAtPosition: isCompletionListBlocker: 0.0023490190505981445
Info 253  [14:10:24.859] getCompletionData: Get current token: 0.01217806339263916
Info 254  [14:10:24.859] getCompletionData: Is inside comment: 0.025521039962768555
Info 255  [14:10:24.859] getCompletionData: Get previous token 1: 0.019681930541992188
Info 256  [14:10:24.860] getCompletionsAtPosition: isCompletionListBlocker: 0.0030149221420288086
Info 257  [14:10:25.037] Starting updateGraphWorker: Project: /home/fqye/projects/zhituji/squoosh/client-tsconfig.json
Info 258  [14:10:25.059] Finishing updateGraphWorker: Project: /home/fqye/projects/zhituji/squoosh/client-tsconfig.json Version: 53 structureChanged: false Elapsed: 22.157088041305542ms
Info 259  [14:10:25.059] Different program with same set of files:: structureIsReused:: 2
Info 260  [14:10:25.059] getCompletionData: Get current token: 0.006551980972290039
Info 261  [14:10:25.059] getCompletionData: Is inside comment: 0.013139009475708008
Info 262  [14:10:25.059] getCompletionData: Get previous token 1: 0.008558988571166992
Info 263  [14:10:25.059] getCompletionData: Get previous token 2: 0.009009003639221191
Info 264  [14:10:25.059] getCompletionsAtPosition: isCompletionListBlocker: 0.0025960206985473633
Info 265  [14:10:25.059] getCompletionData: Get current token: 0.005177021026611328
Info 266  [14:10:25.060] getCompletionData: Is inside comment: 0.011588096618652344
Info 267  [14:10:25.060] getCompletionData: Get previous token 1: 0.008383989334106445
Info 268  [14:10:25.060] getCompletionData: Get previous token 2: 0.007652997970581055
Info 269  [14:10:25.060] getCompletionsAtPosition: isCompletionListBlocker: 0.001271963119506836
Info 270  [14:10:25.060] getCompletionData: Get current token: 0.004662036895751953
Info 271  [14:10:25.060] getCompletionData: Is inside comment: 0.010815024375915527
Info 272  [14:10:25.060] getCompletionData: Get previous token 1: 0.008188962936401367
Info 273  [14:10:25.060] getCompletionData: Get previous token 2: 0.007804989814758301
Info 274  [14:10:25.060] getCompletionsAtPosition: isCompletionListBlocker: 0.0010809898376464844
Info 275  [14:10:25.385] Starting updateGraphWorker: Project: /home/fqye/projects/zhituji/squoosh/client-tsconfig.json
Info 276  [14:10:25.405] Finishing updateGraphWorker: Project: /home/fqye/projects/zhituji/squoosh/client-tsconfig.json Version: 54 structureChanged: false Elapsed: 19.58737599849701ms
Info 277  [14:10:25.405] Different program with same set of files:: structureIsReused:: 2
Info 278  [14:10:25.405] getCompletionData: Get current token: 0.012739062309265137
Info 279  [14:10:25.405] getCompletionData: Is inside comment: 0.025874972343444824
Info 280  [14:10:25.405] getCompletionData: Get previous token 1: 0.01727902889251709
Info 281  [14:10:25.405] getCompletionData: Get previous token 2: 0.011021018028259277
Info 282  [14:10:25.405] getCompletionsAtPosition: isCompletionListBlocker: 0.0022739171981811523
Info 283  [14:10:25.479] getCompletionData: Get current token: 0.0068999528884887695
Info 284  [14:10:25.480] getCompletionData: Is inside comment: 0.01599407196044922
Info 285  [14:10:25.480] getCompletionData: Get previous token 1: 0.011518001556396484
Info 286  [14:10:25.480] getCompletionData: Get previous token 2: 0.010972976684570312
Info 287  [14:10:25.480] getCompletionsAtPosition: isCompletionListBlocker: 0.002258896827697754
Info 288  [14:10:25.481] getCompletionData: Get current token: 0.00639498233795166
Info 289  [14:10:25.481] getCompletionData: Is inside comment: 0.014649033546447754
Info 290  [14:10:25.481] getCompletionData: Get previous token 1: 0.010661005973815918
Info 291  [14:10:25.481] getCompletionData: Get previous token 2: 0.009461045265197754
Info 292  [14:10:25.481] getCompletionsAtPosition: isCompletionListBlocker: 0.0023380517959594727
Info 293  [14:10:26.080] Starting updateGraphWorker: Project: /home/fqye/projects/zhituji/squoosh/client-tsconfig.json
Info 294  [14:10:26.093] Finishing updateGraphWorker: Project: /home/fqye/projects/zhituji/squoosh/client-tsconfig.json Version: 55 structureChanged: false Elapsed: 13.46331000328064ms
Info 295  [14:10:26.093] Different program with same set of files:: structureIsReused:: 2
Info 296  [14:10:27.007] Starting updateGraphWorker: Project: /home/fqye/projects/zhituji/squoosh/client-tsconfig.json
Info 297  [14:10:27.031] Finishing updateGraphWorker: Project: /home/fqye/projects/zhituji/squoosh/client-tsconfig.json Version: 56 structureChanged: false Elapsed: 23.895824074745178ms
Info 298  [14:10:27.032] Different program with same set of files:: structureIsReused:: 2
Info 299  [14:10:28.483] Starting updateGraphWorker: Project: /home/fqye/projects/zhituji/squoosh/client-tsconfig.json
Info 300  [14:10:28.494] Finishing updateGraphWorker: Project: /home/fqye/projects/zhituji/squoosh/client-tsconfig.json Version: 57 structureChanged: false Elapsed: 10.561609983444214ms
Info 301  [14:10:28.494] Different program with same set of files:: structureIsReused:: 2
Info 302  [14:10:29.223] Starting updateGraphWorker: Project: /home/fqye/projects/zhituji/squoosh/client-tsconfig.json
Info 303  [14:10:29.248] Finishing updateGraphWorker: Project: /home/fqye/projects/zhituji/squoosh/client-tsconfig.json Version: 58 structureChanged: false Elapsed: 24.53868806362152ms
Info 304  [14:10:29.248] Different program with same set of files:: structureIsReused:: 2
Info 305  [14:10:31.045] Starting updateGraphWorker: Project: /home/fqye/projects/zhituji/squoosh/client-tsconfig.json
Info 306  [14:10:31.057] Finishing updateGraphWorker: Project: /home/fqye/projects/zhituji/squoosh/client-tsconfig.json Version: 59 structureChanged: false Elapsed: 11.400454044342041ms
Info 307  [14:10:31.057] Different program with same set of files:: structureIsReused:: 2
Info 308  [14:10:31.057] getCompletionData: Get current token: 0.0048760175704956055
Info 309  [14:10:31.057] getCompletionData: Is inside comment: 0.0016219615936279297
Info 310  [14:10:31.057] getCompletionData: Get previous token 1: 0.019153952598571777
Info 311  [14:10:31.057] getCompletionData: Get previous token 2: 0.010190963745117188
Info 312  [14:10:31.057] getCompletionsAtPosition: isCompletionListBlocker: 0.06716501712799072
Info 313  [14:10:31.057] Returning an empty list because completion was requested in an invalid position.
Info 314  [14:10:31.060] getCompletionData: Get current token: 0.004647016525268555
Info 315  [14:10:31.060] getCompletionData: Is inside comment: 0.0014439821243286133
Info 316  [14:10:31.060] getCompletionData: Get previous token 1: 0.011800050735473633
Info 317  [14:10:31.060] getCompletionData: Get previous token 2: 0.009976983070373535
Info 318  [14:10:31.060] getCompletionsAtPosition: isCompletionListBlocker: 0.005921006202697754
Info 319  [14:10:31.060] Returning an empty list because completion was requested in an invalid position.
Info 320  [14:10:31.132] getCompletionData: Get current token: 0.0039370059967041016
Info 321  [14:10:31.132] getCompletionData: Is inside comment: 0.0014200210571289062
Info 322  [14:10:31.132] getCompletionData: Get previous token 1: 0.011146068572998047
Info 323  [14:10:31.132] getCompletionData: Get previous token 2: 0.011410951614379883
Info 324  [14:10:31.132] getCompletionsAtPosition: isCompletionListBlocker: 0.002642989158630371
Info 325  [14:10:31.132] Returning an empty list because completion was requested in an invalid position.
Info 326  [14:10:31.386] Starting updateGraphWorker: Project: /home/fqye/projects/zhituji/squoosh/client-tsconfig.json
Info 327  [14:10:31.405] Finishing updateGraphWorker: Project: /home/fqye/projects/zhituji/squoosh/client-tsconfig.json Version: 60 structureChanged: false Elapsed: 18.78693401813507ms
Info 328  [14:10:31.405] Different program with same set of files:: structureIsReused:: 2
Info 329  [14:10:31.407] getCompletionData: Get current token: 0.007436037063598633
Info 330  [14:10:31.407] getCompletionData: Is inside comment: 0.002552032470703125
Info 331  [14:10:31.407] getCompletionData: Get previous token 1: 0.024510979652404785
Info 332  [14:10:31.407] getCompletionsAtPosition: isCompletionListBlocker: 0.0027369260787963867
Info 333  [14:10:31.410] getCompletionData: Get current token: 0.009081006050109863
Info 334  [14:10:31.410] getCompletionData: Is inside comment: 0.00241696834564209
Info 335  [14:10:31.410] getCompletionData: Get previous token 1: 0.014770984649658203
Info 336  [14:10:31.410] getCompletionsAtPosition: isCompletionListBlocker: 0.002644062042236328
Info 337  [14:10:31.411] getCompletionData: Get current token: 0.005123019218444824
Info 338  [14:10:31.411] getCompletionData: Is inside comment: 0.001672983169555664
Info 339  [14:10:31.411] getCompletionData: Get previous token 1: 0.012766003608703613
Info 340  [14:10:31.411] getCompletionsAtPosition: isCompletionListBlocker: 0.0024390220642089844
Info 341  [14:10:31.484] Starting updateGraphWorker: Project: /home/fqye/projects/zhituji/squoosh/client-tsconfig.json
Info 342  [14:10:31.490] Finishing updateGraphWorker: Project: /home/fqye/projects/zhituji/squoosh/client-tsconfig.json Version: 61 structureChanged: false Elapsed: 5.974900960922241ms
Info 343  [14:10:31.490] Different program with same set of files:: structureIsReused:: 2
Info 344  [14:10:32.169] Starting updateGraphWorker: Project: /home/fqye/projects/zhituji/squoosh/client-tsconfig.json
Info 345  [14:10:32.191] Finishing updateGraphWorker: Project: /home/fqye/projects/zhituji/squoosh/client-tsconfig.json Version: 62 structureChanged: false Elapsed: 21.266939997673035ms
Info 346  [14:10:32.191] Different program with same set of files:: structureIsReused:: 2
Info 347  [14:10:32.191] getCompletionData: Get current token: 0.008307933807373047
Info 348  [14:10:32.191] getCompletionData: Is inside comment: 0.0017440319061279297
Info 349  [14:10:32.191] getCompletionData: Get previous token 1: 0.01634204387664795
Info 350  [14:10:32.191] getCompletionData: Get previous token 2: 0.012566924095153809
Info 351  [14:10:32.191] getCompletionsAtPosition: isCompletionListBlocker: 0.00203096866607666
Info 352  [14:10:32.255] getCompletionData: Get current token: 0.004400968551635742
Info 353  [14:10:32.255] getCompletionData: Is inside comment: 0.0015499591827392578
Info 354  [14:10:32.255] getCompletionData: Get previous token 1: 0.012215018272399902
Info 355  [14:10:32.255] getCompletionData: Get previous token 2: 0.009878993034362793
Info 356  [14:10:32.255] getCompletionsAtPosition: isCompletionListBlocker: 0.0018780231475830078
Info 357  [14:10:32.260] getCompletionData: Get current token: 0.0055239200592041016
Info 358  [14:10:32.260] getCompletionData: Is inside comment: 0.0018950700759887695
Info 359  [14:10:32.260] getCompletionData: Get previous token 1: 0.02079010009765625
Info 360  [14:10:32.260] getCompletionData: Get previous token 2: 0.01140904426574707
Info 361  [14:10:32.260] getCompletionsAtPosition: isCompletionListBlocker: 0.002132892608642578
Info 362  [14:10:43.108] Starting updateGraphWorker: Project: /home/fqye/projects/zhituji/squoosh/client-tsconfig.json
Info 363  [14:10:43.117] Finishing updateGraphWorker: Project: /home/fqye/projects/zhituji/squoosh/client-tsconfig.json Version: 63 structureChanged: false Elapsed: 9.668483972549438ms
Info 364  [14:10:43.117] Different program with same set of files:: structureIsReused:: 2
Info 365  [14:10:49.164] Starting updateGraphWorker: Project: /home/fqye/projects/zhituji/squoosh/client-tsconfig.json
Info 366  [14:10:49.176] Finishing updateGraphWorker: Project: /home/fqye/projects/zhituji/squoosh/client-tsconfig.json Version: 64 structureChanged: false Elapsed: 11.83749008178711ms
Info 367  [14:10:49.176] Different program with same set of files:: structureIsReused:: 2
Info 368  [14:10:49.263] Starting updateGraphWorker: Project: /home/fqye/projects/zhituji/squoosh/client-tsconfig.json
Info 369  [14:10:49.287] Finishing updateGraphWorker: Project: /home/fqye/projects/zhituji/squoosh/client-tsconfig.json Version: 65 structureChanged: false Elapsed: 23.936442971229553ms
Info 370  [14:10:49.287] Different program with same set of files:: structureIsReused:: 2
Err 371   [14:10:49.808] Exception on executing command {"command":"getCodeFixes","seq":1259,"type":"request","arguments":{"file":"/home/fqye/projects/zhituji/squoosh/src/client/lazy-app/Compress/Options/index.tsx","startLine":120,"startOffset":42,"endLine":120,"endOffset":42,"errorCodes":[1005,1003,1138,1005,7008,7010,7006,2680,7006,7006]}}:

    BADCLIENT: Bad error code, 1005 not found in range 3565..3565 (found: false, false, false, false, false, false, false, false, false, false, false, false, false); could have caused this error:
    Debug Failure. Invalid cast. The supplied value [object Object] did not pass the test 'isParameter'.

    Error: BADCLIENT: Bad error code, 1005 not found in range 3565..3565 (found: false, false, false, false, false, false, false, false, false, false, false, false, false); could have caused this error:
    Debug Failure. Invalid cast. The supplied value [object Object] did not pass the test 'isParameter'.
        at Object.cast (/home/fqye/.emacs.d/.cache/lsp/npm/typescript/lib/node_modules/typescript/lib/tsserver.js:1500:25)
        at doChange (/home/fqye/.emacs.d/.cache/lsp/npm/typescript/lib/node_modules/typescript/lib/tsserver.js:144998:40)
        at /home/fqye/.emacs.d/.cache/lsp/npm/typescript/lib/node_modules/typescript/lib/tsserver.js:144894:109
        at Function.ChangeTracker.with (/home/fqye/.emacs.d/.cache/lsp/npm/typescript/lib/node_modules/typescript/lib/tsserver.js:138267:17)
        at Object.getCodeActions (/home/fqye/.emacs.d/.cache/lsp/npm/typescript/lib/node_modules/typescript/lib/tsserver.js:144894:64)
        at /home/fqye/.emacs.d/.cache/lsp/npm/typescript/lib/node_modules/typescript/lib/tsserver.js:139452:77
        at Object.flatMap (/home/fqye/.emacs.d/.cache/lsp/npm/typescript/lib/node_modules/typescript/lib/tsserver.js:515:25)
        at Object.getFixes (/home/fqye/.emacs.d/.cache/lsp/npm/typescript/lib/node_modules/typescript/lib/tsserver.js:139452:23)
        at /home/fqye/.emacs.d/.cache/lsp/npm/typescript/lib/node_modules/typescript/lib/tsserver.js:153679:35
        at Object.flatMap (/home/fqye/.emacs.d/.cache/lsp/npm/typescript/lib/node_modules/typescript/lib/tsserver.js:515:25)
        at Object.getCodeFixesAtPosition (/home/fqye/.emacs.d/.cache/lsp/npm/typescript/lib/node_modules/typescript/lib/tsserver.js:153677:23)
        at IOSession.Session.getCodeFixes (/home/fqye/.emacs.d/.cache/lsp/npm/typescript/lib/node_modules/typescript/lib/tsserver.js:164897:64)
        at Session.handlers.ts.Map.ts.getEntries._a.<computed> (/home/fqye/.emacs.d/.cache/lsp/npm/typescript/lib/node_modules/typescript/lib/tsserver.js:163549:61)
        at /home/fqye/.emacs.d/.cache/lsp/npm/typescript/lib/node_modules/typescript/lib/tsserver.js:165210:88
        at IOSession.Session.executeWithRequestId (/home/fqye/.emacs.d/.cache/lsp/npm/typescript/lib/node_modules/typescript/lib/tsserver.js:165201:28)
        at IOSession.Session.executeCommand (/home/fqye/.emacs.d/.cache/lsp/npm/typescript/lib/node_modules/typescript/lib/tsserver.js:165210:33)
        at IOSession.Session.onMessage (/home/fqye/.emacs.d/.cache/lsp/npm/typescript/lib/node_modules/typescript/lib/tsserver.js:165236:35)
        at Interface.<anonymous> (/home/fqye/.emacs.d/.cache/lsp/npm/typescript/lib/node_modules/typescript/lib/tsserver.js:167833:31)
        at Interface.emit (node:events:378:20)
        at Interface._onLine (node:readline:418:10)
        at Interface._normalWrite (node:readline:572:12)
        at Socket.ondata (node:readline:240:10)
        at Socket.emit (node:events:378:20)
        at addChunk (node:internal/streams/readable:313:12)
        at readableAddChunk (node:internal/streams/readable:288:9)
        at Socket.Readable.push (node:internal/streams/readable:227:10)
        at Pipe.onStreamRead (node:internal/stream_base_commons:190:23)
Err 372   [14:10:50.521] Exception on executing command {"command":"getCodeFixes","seq":1261,"type":"request","arguments":{"file":"/home/fqye/projects/zhituji/squoosh/src/client/lazy-app/Compress/Options/index.tsx","startLine":120,"startOffset":42,"endLine":120,"endOffset":42,"errorCodes":[1005,1003,1138,1005,7008,7010,7006,2680,7006,7006]}}:

    BADCLIENT: Bad error code, 1005 not found in range 3565..3565 (found: false, false, false, false, false, false, false, false, false, false, false, false, false); could have caused this error:
    Debug Failure. Invalid cast. The supplied value [object Object] did not pass the test 'isParameter'.

    Error: BADCLIENT: Bad error code, 1005 not found in range 3565..3565 (found: false, false, false, false, false, false, false, false, false, false, false, false, false); could have caused this error:
    Debug Failure. Invalid cast. The supplied value [object Object] did not pass the test 'isParameter'.
        at Object.cast (/home/fqye/.emacs.d/.cache/lsp/npm/typescript/lib/node_modules/typescript/lib/tsserver.js:1500:25)
        at doChange (/home/fqye/.emacs.d/.cache/lsp/npm/typescript/lib/node_modules/typescript/lib/tsserver.js:144998:40)
        at /home/fqye/.emacs.d/.cache/lsp/npm/typescript/lib/node_modules/typescript/lib/tsserver.js:144894:109
        at Function.ChangeTracker.with (/home/fqye/.emacs.d/.cache/lsp/npm/typescript/lib/node_modules/typescript/lib/tsserver.js:138267:17)
        at Object.getCodeActions (/home/fqye/.emacs.d/.cache/lsp/npm/typescript/lib/node_modules/typescript/lib/tsserver.js:144894:64)
        at /home/fqye/.emacs.d/.cache/lsp/npm/typescript/lib/node_modules/typescript/lib/tsserver.js:139452:77
        at Object.flatMap (/home/fqye/.emacs.d/.cache/lsp/npm/typescript/lib/node_modules/typescript/lib/tsserver.js:515:25)
        at Object.getFixes (/home/fqye/.emacs.d/.cache/lsp/npm/typescript/lib/node_modules/typescript/lib/tsserver.js:139452:23)
        at /home/fqye/.emacs.d/.cache/lsp/npm/typescript/lib/node_modules/typescript/lib/tsserver.js:153679:35
        at Object.flatMap (/home/fqye/.emacs.d/.cache/lsp/npm/typescript/lib/node_modules/typescript/lib/tsserver.js:515:25)
        at Object.getCodeFixesAtPosition (/home/fqye/.emacs.d/.cache/lsp/npm/typescript/lib/node_modules/typescript/lib/tsserver.js:153677:23)
        at IOSession.Session.getCodeFixes (/home/fqye/.emacs.d/.cache/lsp/npm/typescript/lib/node_modules/typescript/lib/tsserver.js:164897:64)
        at Session.handlers.ts.Map.ts.getEntries._a.<computed> (/home/fqye/.emacs.d/.cache/lsp/npm/typescript/lib/node_modules/typescript/lib/tsserver.js:163549:61)
        at /home/fqye/.emacs.d/.cache/lsp/npm/typescript/lib/node_modules/typescript/lib/tsserver.js:165210:88
        at IOSession.Session.executeWithRequestId (/home/fqye/.emacs.d/.cache/lsp/npm/typescript/lib/node_modules/typescript/lib/tsserver.js:165201:28)
        at IOSession.Session.executeCommand (/home/fqye/.emacs.d/.cache/lsp/npm/typescript/lib/node_modules/typescript/lib/tsserver.js:165210:33)
        at IOSession.Session.onMessage (/home/fqye/.emacs.d/.cache/lsp/npm/typescript/lib/node_modules/typescript/lib/tsserver.js:165236:35)
        at Interface.<anonymous> (/home/fqye/.emacs.d/.cache/lsp/npm/typescript/lib/node_modules/typescript/lib/tsserver.js:167833:31)
        at Interface.emit (node:events:378:20)
        at Interface._onLine (node:readline:418:10)
        at Interface._normalWrite (node:readline:572:12)
        at Socket.ondata (node:readline:240:10)
        at Socket.emit (node:events:378:20)
        at addChunk (node:internal/streams/readable:313:12)
        at readableAddChunk (node:internal/streams/readable:288:9)
        at Socket.Readable.push (node:internal/streams/readable:227:10)
        at Pipe.onStreamRead (node:internal/stream_base_commons:190:23)
Err 373   [14:10:50.819] Exception on executing command {"command":"getCodeFixes","seq":1263,"type":"request","arguments":{"file":"/home/fqye/projects/zhituji/squoosh/src/client/lazy-app/Compress/Options/index.tsx","startLine":120,"startOffset":42,"endLine":120,"endOffset":42,"errorCodes":[1005,1003,1138,1005,7008,7010,7006,2680,7006,7006]}}:

    BADCLIENT: Bad error code, 1005 not found in range 3565..3565 (found: false, false, false, false, false, false, false, false, false, false, false, false, false); could have caused this error:
    Debug Failure. Invalid cast. The supplied value [object Object] did not pass the test 'isParameter'.

    Error: BADCLIENT: Bad error code, 1005 not found in range 3565..3565 (found: false, false, false, false, false, false, false, false, false, false, false, false, false); could have caused this error:
    Debug Failure. Invalid cast. The supplied value [object Object] did not pass the test 'isParameter'.
        at Object.cast (/home/fqye/.emacs.d/.cache/lsp/npm/typescript/lib/node_modules/typescript/lib/tsserver.js:1500:25)
        at doChange (/home/fqye/.emacs.d/.cache/lsp/npm/typescript/lib/node_modules/typescript/lib/tsserver.js:144998:40)
        at /home/fqye/.emacs.d/.cache/lsp/npm/typescript/lib/node_modules/typescript/lib/tsserver.js:144894:109
        at Function.ChangeTracker.with (/home/fqye/.emacs.d/.cache/lsp/npm/typescript/lib/node_modules/typescript/lib/tsserver.js:138267:17)
        at Object.getCodeActions (/home/fqye/.emacs.d/.cache/lsp/npm/typescript/lib/node_modules/typescript/lib/tsserver.js:144894:64)
        at /home/fqye/.emacs.d/.cache/lsp/npm/typescript/lib/node_modules/typescript/lib/tsserver.js:139452:77
        at Object.flatMap (/home/fqye/.emacs.d/.cache/lsp/npm/typescript/lib/node_modules/typescript/lib/tsserver.js:515:25)
        at Object.getFixes (/home/fqye/.emacs.d/.cache/lsp/npm/typescript/lib/node_modules/typescript/lib/tsserver.js:139452:23)
        at /home/fqye/.emacs.d/.cache/lsp/npm/typescript/lib/node_modules/typescript/lib/tsserver.js:153679:35
        at Object.flatMap (/home/fqye/.emacs.d/.cache/lsp/npm/typescript/lib/node_modules/typescript/lib/tsserver.js:515:25)
        at Object.getCodeFixesAtPosition (/home/fqye/.emacs.d/.cache/lsp/npm/typescript/lib/node_modules/typescript/lib/tsserver.js:153677:23)
        at IOSession.Session.getCodeFixes (/home/fqye/.emacs.d/.cache/lsp/npm/typescript/lib/node_modules/typescript/lib/tsserver.js:164897:64)
        at Session.handlers.ts.Map.ts.getEntries._a.<computed> (/home/fqye/.emacs.d/.cache/lsp/npm/typescript/lib/node_modules/typescript/lib/tsserver.js:163549:61)
        at /home/fqye/.emacs.d/.cache/lsp/npm/typescript/lib/node_modules/typescript/lib/tsserver.js:165210:88
        at IOSession.Session.executeWithRequestId (/home/fqye/.emacs.d/.cache/lsp/npm/typescript/lib/node_modules/typescript/lib/tsserver.js:165201:28)
        at IOSession.Session.executeCommand (/home/fqye/.emacs.d/.cache/lsp/npm/typescript/lib/node_modules/typescript/lib/tsserver.js:165210:33)
        at IOSession.Session.onMessage (/home/fqye/.emacs.d/.cache/lsp/npm/typescript/lib/node_modules/typescript/lib/tsserver.js:165236:35)
        at Interface.<anonymous> (/home/fqye/.emacs.d/.cache/lsp/npm/typescript/lib/node_modules/typescript/lib/tsserver.js:167833:31)
        at Interface.emit (node:events:378:20)
        at Interface._onLine (node:readline:418:10)
        at Interface._normalWrite (node:readline:572:12)
        at Socket.ondata (node:readline:240:10)
        at Socket.emit (node:events:378:20)
        at addChunk (node:internal/streams/readable:313:12)
        at readableAddChunk (node:internal/streams/readable:288:9)
        at Socket.Readable.push (node:internal/streams/readable:227:10)
        at Pipe.onStreamRead (node:internal/stream_base_commons:190:23)
Info 374  [14:12:13.743] Starting updateGraphWorker: Project: /home/fqye/projects/zhituji/squoosh/client-tsconfig.json
Info 375  [14:12:13.766] Finishing updateGraphWorker: Project: /home/fqye/projects/zhituji/squoosh/client-tsconfig.json Version: 66 structureChanged: false Elapsed: 22.922773003578186ms
Info 376  [14:12:13.766] Different program with same set of files:: structureIsReused:: 2
Err 377   [14:12:13.851] Exception on executing command {"command":"getCodeFixes","seq":1337,"type":"request","arguments":{"file":"/home/fqye/projects/zhituji/squoosh/src/client/lazy-app/Compress/Options/index.tsx","startLine":120,"startOffset":1,"endLine":120,"endOffset":1,"errorCodes":[1005,1003,1138,1005,7008,7010,7006,2680,7006,7006]}}:

    BADCLIENT: Bad error code, 1005 not found in range 3524..3524 (found: false, false); could have caused this error:
    Debug Failure. Invalid cast. The supplied value [object Object] did not pass the test 'isParameter'.

    Error: BADCLIENT: Bad error code, 1005 not found in range 3524..3524 (found: false, false); could have caused this error:
    Debug Failure. Invalid cast. The supplied value [object Object] did not pass the test 'isParameter'.
        at Object.cast (/home/fqye/.emacs.d/.cache/lsp/npm/typescript/lib/node_modules/typescript/lib/tsserver.js:1500:25)
        at doChange (/home/fqye/.emacs.d/.cache/lsp/npm/typescript/lib/node_modules/typescript/lib/tsserver.js:144998:40)
        at /home/fqye/.emacs.d/.cache/lsp/npm/typescript/lib/node_modules/typescript/lib/tsserver.js:144894:109
        at Function.ChangeTracker.with (/home/fqye/.emacs.d/.cache/lsp/npm/typescript/lib/node_modules/typescript/lib/tsserver.js:138267:17)
        at Object.getCodeActions (/home/fqye/.emacs.d/.cache/lsp/npm/typescript/lib/node_modules/typescript/lib/tsserver.js:144894:64)
        at /home/fqye/.emacs.d/.cache/lsp/npm/typescript/lib/node_modules/typescript/lib/tsserver.js:139452:77
        at Object.flatMap (/home/fqye/.emacs.d/.cache/lsp/npm/typescript/lib/node_modules/typescript/lib/tsserver.js:515:25)
        at Object.getFixes (/home/fqye/.emacs.d/.cache/lsp/npm/typescript/lib/node_modules/typescript/lib/tsserver.js:139452:23)
        at /home/fqye/.emacs.d/.cache/lsp/npm/typescript/lib/node_modules/typescript/lib/tsserver.js:153679:35
        at Object.flatMap (/home/fqye/.emacs.d/.cache/lsp/npm/typescript/lib/node_modules/typescript/lib/tsserver.js:515:25)
        at Object.getCodeFixesAtPosition (/home/fqye/.emacs.d/.cache/lsp/npm/typescript/lib/node_modules/typescript/lib/tsserver.js:153677:23)
        at IOSession.Session.getCodeFixes (/home/fqye/.emacs.d/.cache/lsp/npm/typescript/lib/node_modules/typescript/lib/tsserver.js:164897:64)
        at Session.handlers.ts.Map.ts.getEntries._a.<computed> (/home/fqye/.emacs.d/.cache/lsp/npm/typescript/lib/node_modules/typescript/lib/tsserver.js:163549:61)
        at /home/fqye/.emacs.d/.cache/lsp/npm/typescript/lib/node_modules/typescript/lib/tsserver.js:165210:88
        at IOSession.Session.executeWithRequestId (/home/fqye/.emacs.d/.cache/lsp/npm/typescript/lib/node_modules/typescript/lib/tsserver.js:165201:28)
        at IOSession.Session.executeCommand (/home/fqye/.emacs.d/.cache/lsp/npm/typescript/lib/node_modules/typescript/lib/tsserver.js:165210:33)
        at IOSession.Session.onMessage (/home/fqye/.emacs.d/.cache/lsp/npm/typescript/lib/node_modules/typescript/lib/tsserver.js:165236:35)
        at Interface.<anonymous> (/home/fqye/.emacs.d/.cache/lsp/npm/typescript/lib/node_modules/typescript/lib/tsserver.js:167833:31)
        at Interface.emit (node:events:378:20)
        at Interface._onLine (node:readline:418:10)
        at Interface._normalWrite (node:readline:572:12)
        at Socket.ondata (node:readline:240:10)
        at Socket.emit (node:events:378:20)
        at addChunk (node:internal/streams/readable:313:12)
        at readableAddChunk (node:internal/streams/readable:288:9)
        at Socket.Readable.push (node:internal/streams/readable:227:10)
        at Pipe.onStreamRead (node:internal/stream_base_commons:190:23)
Info 378  [14:12:15.170] Starting updateGraphWorker: Project: /home/fqye/projects/zhituji/squoosh/client-tsconfig.json
Info 379  [14:12:15.193] Finishing updateGraphWorker: Project: /home/fqye/projects/zhituji/squoosh/client-tsconfig.json Version: 67 structureChanged: false Elapsed: 22.609722018241882ms
Info 380  [14:12:15.193] Different program with same set of files:: structureIsReused:: 2
Info 381  [14:12:15.281] Starting updateGraphWorker: Project: /home/fqye/projects/zhituji/squoosh/client-tsconfig.json
Info 382  [14:12:15.297] Finishing updateGraphWorker: Project: /home/fqye/projects/zhituji/squoosh/client-tsconfig.json Version: 68 structureChanged: false Elapsed: 16.135182976722717ms
Info 383  [14:12:15.297] Different program with same set of files:: structureIsReused:: 2
Info 384  [14:12:20.635] Starting updateGraphWorker: Project: /home/fqye/projects/zhituji/squoosh/client-tsconfig.json
Info 385  [14:12:20.647] Finishing updateGraphWorker: Project: /home/fqye/projects/zhituji/squoosh/client-tsconfig.json Version: 69 structureChanged: false Elapsed: 11.210036993026733ms
Info 386  [14:12:20.647] Different program with same set of files:: structureIsReused:: 2
Info 387  [14:12:22.487] Starting updateGraphWorker: Project: /home/fqye/projects/zhituji/squoosh/client-tsconfig.json
Info 388  [14:12:22.500] Finishing updateGraphWorker: Project: /home/fqye/projects/zhituji/squoosh/client-tsconfig.json Version: 70 structureChanged: false Elapsed: 12.915205001831055ms
Info 389  [14:12:22.500] Different program with same set of files:: structureIsReused:: 2
Info 390  [14:13:06.989] Starting updateGraphWorker: Project: /home/fqye/projects/zhituji/squoosh/client-tsconfig.json
Info 391  [14:13:07.010] Finishing updateGraphWorker: Project: /home/fqye/projects/zhituji/squoosh/client-tsconfig.json Version: 71 structureChanged: false Elapsed: 20.69909906387329ms
Info 392  [14:13:07.010] Different program with same set of files:: structureIsReused:: 2
Info 393  [14:13:18.191] Starting updateGraphWorker: Project: /home/fqye/projects/zhituji/squoosh/client-tsconfig.json
Info 394  [14:13:18.209] Finishing updateGraphWorker: Project: /home/fqye/projects/zhituji/squoosh/client-tsconfig.json Version: 72 structureChanged: false Elapsed: 17.523865938186646ms
Info 395  [14:13:18.209] Different program with same set of files:: structureIsReused:: 2
Info 396  [14:13:21.878] Starting updateGraphWorker: Project: /home/fqye/projects/zhituji/squoosh/client-tsconfig.json
Info 397  [14:13:21.903] Finishing updateGraphWorker: Project: /home/fqye/projects/zhituji/squoosh/client-tsconfig.json Version: 73 structureChanged: false Elapsed: 25.560456037521362ms
Info 398  [14:13:21.904] Different program with same set of files:: structureIsReused:: 2
Info 399  [14:13:22.943] Starting updateGraphWorker: Project: /home/fqye/projects/zhituji/squoosh/client-tsconfig.json
Info 400  [14:13:22.954] Finishing updateGraphWorker: Project: /home/fqye/projects/zhituji/squoosh/client-tsconfig.json Version: 74 structureChanged: false Elapsed: 11.011238932609558ms
Info 401  [14:13:22.954] Different program with same set of files:: structureIsReused:: 2
Info 402  [14:13:24.466] Starting updateGraphWorker: Project: /home/fqye/projects/zhituji/squoosh/client-tsconfig.json
Info 403  [14:13:24.489] Finishing updateGraphWorker: Project: /home/fqye/projects/zhituji/squoosh/client-tsconfig.json Version: 75 structureChanged: false Elapsed: 22.59520697593689ms
Info 404  [14:13:24.489] Different program with same set of files:: structureIsReused:: 2
Info 405  [14:13:24.868] Starting updateGraphWorker: Project: /home/fqye/projects/zhituji/squoosh/client-tsconfig.json
Info 406  [14:13:24.890] Finishing updateGraphWorker: Project: /home/fqye/projects/zhituji/squoosh/client-tsconfig.json Version: 76 structureChanged: false Elapsed: 21.29795002937317ms
Info 407  [14:13:24.890] Different program with same set of files:: structureIsReused:: 2
Info 408  [14:13:26.281] Starting updateGraphWorker: Project: /home/fqye/projects/zhituji/squoosh/client-tsconfig.json
Info 409  [14:13:26.291] Finishing updateGraphWorker: Project: /home/fqye/projects/zhituji/squoosh/client-tsconfig.json Version: 77 structureChanged: false Elapsed: 9.998264908790588ms
Info 410  [14:13:26.291] Different program with same set of files:: structureIsReused:: 2
Info 411  [14:13:28.637] Starting updateGraphWorker: Project: /home/fqye/projects/zhituji/squoosh/client-tsconfig.json
Info 412  [14:13:28.657] Finishing updateGraphWorker: Project: /home/fqye/projects/zhituji/squoosh/client-tsconfig.json Version: 78 structureChanged: false Elapsed: 19.649532079696655ms
Info 413  [14:13:28.657] Different program with same set of files:: structureIsReused:: 2
Info 414  [14:13:30.465] Starting updateGraphWorker: Project: /home/fqye/projects/zhituji/squoosh/client-tsconfig.json
Info 415  [14:13:30.485] Finishing updateGraphWorker: Project: /home/fqye/projects/zhituji/squoosh/client-tsconfig.json Version: 79 structureChanged: false Elapsed: 20.062521934509277ms
Info 416  [14:13:30.485] Different program with same set of files:: structureIsReused:: 2
Info 417  [14:13:30.771] Starting updateGraphWorker: Project: /home/fqye/projects/zhituji/squoosh/client-tsconfig.json
Info 418  [14:13:30.790] Finishing updateGraphWorker: Project: /home/fqye/projects/zhituji/squoosh/client-tsconfig.json Version: 80 structureChanged: false Elapsed: 18.595126032829285ms
Info 419  [14:13:30.790] Different program with same set of files:: structureIsReused:: 2
Info 420  [14:13:31.407] Starting updateGraphWorker: Project: /home/fqye/projects/zhituji/squoosh/client-tsconfig.json
Info 421  [14:13:31.433] Finishing updateGraphWorker: Project: /home/fqye/projects/zhituji/squoosh/client-tsconfig.json Version: 81 structureChanged: false Elapsed: 25.531810998916626ms
Info 422  [14:13:31.433] Different program with same set of files:: structureIsReused:: 2
Info 423  [14:13:31.433] Starting updateGraphWorker: Project: /home/fqye/projects/zhituji/squoosh/client-tsconfig.json
Info 424  [14:13:31.445] Finishing updateGraphWorker: Project: /home/fqye/projects/zhituji/squoosh/client-tsconfig.json Version: 82 structureChanged: false Elapsed: 11.686567068099976ms
Info 425  [14:13:31.445] Different program with same set of files:: structureIsReused:: 2
Info 426  [14:13:33.714] Starting updateGraphWorker: Project: /home/fqye/projects/zhituji/squoosh/client-tsconfig.json
Info 427  [14:13:33.726] Finishing updateGraphWorker: Project: /home/fqye/projects/zhituji/squoosh/client-tsconfig.json Version: 83 structureChanged: false Elapsed: 12.353865027427673ms
Info 428  [14:13:33.726] Different program with same set of files:: structureIsReused:: 2
Info 429  [14:13:34.095] Starting updateGraphWorker: Project: /home/fqye/projects/zhituji/squoosh/client-tsconfig.json
Info 430  [14:13:34.116] Finishing updateGraphWorker: Project: /home/fqye/projects/zhituji/squoosh/client-tsconfig.json Version: 84 structureChanged: false Elapsed: 21.131639003753662ms
Info 431  [14:13:34.117] Different program with same set of files:: structureIsReused:: 2
Info 432  [14:13:34.499] Starting updateGraphWorker: Project: /home/fqye/projects/zhituji/squoosh/client-tsconfig.json
Info 433  [14:13:34.506] Finishing updateGraphWorker: Project: /home/fqye/projects/zhituji/squoosh/client-tsconfig.json Version: 85 structureChanged: false Elapsed: 7.311826944351196ms
Info 434  [14:13:34.506] Different program with same set of files:: structureIsReused:: 2
Info 435  [14:14:32.472] Search path: /home/fqye/projects/zhituji/squoosh/src/client/lazy-app/Compress/Results
Info 436  [14:14:32.472] For info: /home/fqye/projects/zhituji/squoosh/src/client/lazy-app/Compress/Results/index.tsx :: Config file name: /home/fqye/projects/zhituji/squoosh/tsconfig.json
Info 437  [14:14:34.835] Starting updateGraphWorker: Project: /home/fqye/projects/zhituji/squoosh/client-tsconfig.json
Info 438  [14:14:34.860] Finishing updateGraphWorker: Project: /home/fqye/projects/zhituji/squoosh/client-tsconfig.json Version: 86 structureChanged: false Elapsed: 24.186317086219788ms
Info 439  [14:14:34.860] Different program with same set of files:: structureIsReused:: 2
Info 440  [14:14:36.882] Starting updateGraphWorker: Project: /home/fqye/projects/zhituji/squoosh/client-tsconfig.json
Info 441  [14:14:36.904] Finishing updateGraphWorker: Project: /home/fqye/projects/zhituji/squoosh/client-tsconfig.json Version: 87 structureChanged: false Elapsed: 21.139466047286987ms
Info 442  [14:14:36.904] Different program with same set of files:: structureIsReused:: 2
Info 443  [14:16:20.750] Starting updateGraphWorker: Project: /home/fqye/projects/zhituji/squoosh/client-tsconfig.json
Info 444  [14:16:20.770] Finishing updateGraphWorker: Project: /home/fqye/projects/zhituji/squoosh/client-tsconfig.json Version: 88 structureChanged: false Elapsed: 20.18560791015625ms
Info 445  [14:16:20.770] Different program with same set of files:: structureIsReused:: 2
